<?xml version="1.0" encoding="UTF-8"?>
<robot generator="Robot 3.1a1 (Python 3.6.4rc1 on win32)" generated="20181005 12:07:23.891" rpa="false">
<suite id="s1" name="Open All Hot Sites" source="C:\developement\robot_scripts\GWr_Akcje\Tests\Open_All_Hot_Sites.robot">
<test id="s1-t1" name="Open Top Subsites">
<kw name="Open Firefox" library="Common" type="setup">
<arguments>
<arg>${WEB_SITE_ADDRESS}</arg>
</arguments>
<kw name="Open Browser" library="SeleniumLibrary">
<doc>Opens a new browser instance to the given ``url``.</doc>
<arguments>
<arg>${web_page}</arg>
<arg>ff</arg>
</arguments>
<msg timestamp="20181005 12:07:24.391" level="INFO">Opening browser 'ff' to base url 'https://gazetawroclawska.pl'.</msg>
<status status="PASS" starttime="20181005 12:07:24.390" endtime="20181005 12:07:40.196"></status>
</kw>
<status status="PASS" starttime="20181005 12:07:24.389" endtime="20181005 12:07:40.196"></status>
</kw>
<kw name="Close RODO Banner" library="Common">
<kw name="Is RODO Visible" library="Common">
<assign>
<var>${Is RODO Visible}</var>
</assign>
<kw name="Get Element Count" library="SeleniumLibrary">
<doc>Returns number of elements matching ``locator``.</doc>
<arguments>
<arg>${Close RODO Banner xPath}</arg>
</arguments>
<assign>
<var>${Count X}</var>
</assign>
<msg timestamp="20181005 12:07:40.347" level="INFO">${Count X} = 1</msg>
<status status="PASS" starttime="20181005 12:07:40.199" endtime="20181005 12:07:40.347"></status>
</kw>
<kw name="Set Variable If" library="BuiltIn">
<doc>Sets variable based on the given condition.</doc>
<arguments>
<arg>${Count X} == 1</arg>
<arg>True</arg>
<arg>False</arg>
</arguments>
<assign>
<var>${Status}</var>
</assign>
<msg timestamp="20181005 12:07:40.349" level="INFO">${Status} = True</msg>
<status status="PASS" starttime="20181005 12:07:40.348" endtime="20181005 12:07:40.349"></status>
</kw>
<msg timestamp="20181005 12:07:40.350" level="INFO">${Is RODO Visible} = True</msg>
<status status="PASS" starttime="20181005 12:07:40.198" endtime="20181005 12:07:40.350"></status>
</kw>
<kw name="Run Keyword If" library="BuiltIn">
<doc>Runs the given keyword with the given arguments, if ``condition`` is true.</doc>
<arguments>
<arg>${Is RODO Visible}</arg>
<arg>Close RODO Window</arg>
</arguments>
<kw name="Close RODO Window" library="Common">
<kw name="Click Element" library="SeleniumLibrary">
<doc>Click element identified by ``locator``.</doc>
<arguments>
<arg>${Close RODO Banner xPath}</arg>
</arguments>
<msg timestamp="20181005 12:07:40.353" level="INFO">Clicking element 'xpath=//a[@class='crossDialog__close']'.</msg>
<status status="PASS" starttime="20181005 12:07:40.352" endtime="20181005 12:07:41.503"></status>
</kw>
<status status="PASS" starttime="20181005 12:07:40.351" endtime="20181005 12:07:41.503"></status>
</kw>
<status status="PASS" starttime="20181005 12:07:40.350" endtime="20181005 12:07:41.503"></status>
</kw>
<status status="PASS" starttime="20181005 12:07:40.197" endtime="20181005 12:07:41.503"></status>
</kw>
<kw name="Go Into Each Link" library="Go_Into_Jedynkas">
<kw name="Find Links" library="Go_Into_Jedynkas">
<assign>
<var>@{Links}</var>
</assign>
<kw name="Get WebElements" library="SeleniumLibrary">
<doc>Returns list of WebElement objects matching the ``locator``.</doc>
<arguments>
<arg>${Jedynka Partial xPath}</arg>
</arguments>
<assign>
<var>@{Elements Links}</var>
</assign>
<msg timestamp="20181005 12:07:41.549" level="INFO">@{Elements Links} = [ &lt;selenium.webdriver.firefox.webelement.FirefoxWebElement (session="1a6d9f2e-1ea2-48b2-8e67-cb4aa6987230", element="91286862-a87b-49e1-bbb1-b6bdd45288bd")&gt; | &lt;selenium.webdriver.firefox.webelement.Fi...</msg>
<status status="PASS" starttime="20181005 12:07:41.505" endtime="20181005 12:07:41.549"></status>
</kw>
<msg timestamp="20181005 12:07:41.550" level="INFO">@{Links} = [ &lt;selenium.webdriver.firefox.webelement.FirefoxWebElement (session="1a6d9f2e-1ea2-48b2-8e67-cb4aa6987230", element="91286862-a87b-49e1-bbb1-b6bdd45288bd")&gt; | &lt;selenium.webdriver.firefox.webelement.Fi...</msg>
<status status="PASS" starttime="20181005 12:07:41.505" endtime="20181005 12:07:41.550"></status>
</kw>
<kw name="Get Length" library="BuiltIn">
<doc>Returns and logs the length of the given item as an integer.</doc>
<arguments>
<arg>${Links}</arg>
</arguments>
<assign>
<var>${Number Of Elements}</var>
</assign>
<msg timestamp="20181005 12:07:41.551" level="INFO">Length is 6</msg>
<msg timestamp="20181005 12:07:41.552" level="INFO">${Number Of Elements} = 6</msg>
<status status="PASS" starttime="20181005 12:07:41.551" endtime="20181005 12:07:41.552"></status>
</kw>
<kw name="${index} IN RANGE [ 0 | ${Number Of Elements} ]" type="for">
<kw name="${index} = 0" type="foritem">
<kw name="Find Links" library="Go_Into_Jedynkas">
<assign>
<var>@{Links}</var>
</assign>
<kw name="Get WebElements" library="SeleniumLibrary">
<doc>Returns list of WebElement objects matching the ``locator``.</doc>
<arguments>
<arg>${Jedynka Partial xPath}</arg>
</arguments>
<assign>
<var>@{Elements Links}</var>
</assign>
<msg timestamp="20181005 12:07:41.584" level="INFO">@{Elements Links} = [ &lt;selenium.webdriver.firefox.webelement.FirefoxWebElement (session="1a6d9f2e-1ea2-48b2-8e67-cb4aa6987230", element="91286862-a87b-49e1-bbb1-b6bdd45288bd")&gt; | &lt;selenium.webdriver.firefox.webelement.Fi...</msg>
<status status="PASS" starttime="20181005 12:07:41.554" endtime="20181005 12:07:41.584"></status>
</kw>
<msg timestamp="20181005 12:07:41.585" level="INFO">@{Links} = [ &lt;selenium.webdriver.firefox.webelement.FirefoxWebElement (session="1a6d9f2e-1ea2-48b2-8e67-cb4aa6987230", element="91286862-a87b-49e1-bbb1-b6bdd45288bd")&gt; | &lt;selenium.webdriver.firefox.webelement.Fi...</msg>
<status status="PASS" starttime="20181005 12:07:41.553" endtime="20181005 12:07:41.585"></status>
</kw>
<kw name="Click Element" library="SeleniumLibrary">
<doc>Click element identified by ``locator``.</doc>
<arguments>
<arg>${Links[${index}]}</arg>
</arguments>
<msg timestamp="20181005 12:07:41.586" level="INFO">Clicking element '&lt;selenium.webdriver.firefox.webelement.FirefoxWebElement (session="1a6d9f2e-1ea2-48b2-8e67-cb4aa6987230", element="91286862-a87b-49e1-bbb1-b6bdd45288bd")&gt;'.</msg>
<status status="PASS" starttime="20181005 12:07:41.586" endtime="20181005 12:07:52.857"></status>
</kw>
<kw name="Go Back" library="SeleniumLibrary">
<doc>Simulates the user clicking the back button on their browser.</doc>
<status status="PASS" starttime="20181005 12:07:52.857" endtime="20181005 12:07:57.441"></status>
</kw>
<status status="PASS" starttime="20181005 12:07:41.552" endtime="20181005 12:07:57.441"></status>
</kw>
<kw name="${index} = 1" type="foritem">
<kw name="Find Links" library="Go_Into_Jedynkas">
<assign>
<var>@{Links}</var>
</assign>
<kw name="Get WebElements" library="SeleniumLibrary">
<doc>Returns list of WebElement objects matching the ``locator``.</doc>
<arguments>
<arg>${Jedynka Partial xPath}</arg>
</arguments>
<assign>
<var>@{Elements Links}</var>
</assign>
<msg timestamp="20181005 12:07:57.678" level="INFO">@{Elements Links} = [ &lt;selenium.webdriver.firefox.webelement.FirefoxWebElement (session="1a6d9f2e-1ea2-48b2-8e67-cb4aa6987230", element="3e718847-b4f2-4691-8d4b-c5f2b8db951a")&gt; | &lt;selenium.webdriver.firefox.webelement.Fi...</msg>
<status status="PASS" starttime="20181005 12:07:57.443" endtime="20181005 12:07:57.678"></status>
</kw>
<msg timestamp="20181005 12:07:57.678" level="INFO">@{Links} = [ &lt;selenium.webdriver.firefox.webelement.FirefoxWebElement (session="1a6d9f2e-1ea2-48b2-8e67-cb4aa6987230", element="3e718847-b4f2-4691-8d4b-c5f2b8db951a")&gt; | &lt;selenium.webdriver.firefox.webelement.Fi...</msg>
<status status="PASS" starttime="20181005 12:07:57.442" endtime="20181005 12:07:57.678"></status>
</kw>
<kw name="Click Element" library="SeleniumLibrary">
<doc>Click element identified by ``locator``.</doc>
<arguments>
<arg>${Links[${index}]}</arg>
</arguments>
<msg timestamp="20181005 12:07:57.679" level="INFO">Clicking element '&lt;selenium.webdriver.firefox.webelement.FirefoxWebElement (session="1a6d9f2e-1ea2-48b2-8e67-cb4aa6987230", element="8ecfaf08-f6cd-43db-a761-fb3c33d24b4f")&gt;'.</msg>
<status status="PASS" starttime="20181005 12:07:57.679" endtime="20181005 12:08:07.160"></status>
</kw>
<kw name="Go Back" library="SeleniumLibrary">
<doc>Simulates the user clicking the back button on their browser.</doc>
<status status="PASS" starttime="20181005 12:08:07.160" endtime="20181005 12:08:11.869"></status>
</kw>
<status status="PASS" starttime="20181005 12:07:57.441" endtime="20181005 12:08:11.869"></status>
</kw>
<kw name="${index} = 2" type="foritem">
<kw name="Find Links" library="Go_Into_Jedynkas">
<assign>
<var>@{Links}</var>
</assign>
<kw name="Get WebElements" library="SeleniumLibrary">
<doc>Returns list of WebElement objects matching the ``locator``.</doc>
<arguments>
<arg>${Jedynka Partial xPath}</arg>
</arguments>
<assign>
<var>@{Elements Links}</var>
</assign>
<msg timestamp="20181005 12:08:12.192" level="INFO">@{Elements Links} = [ &lt;selenium.webdriver.firefox.webelement.FirefoxWebElement (session="1a6d9f2e-1ea2-48b2-8e67-cb4aa6987230", element="fe878cc6-edcf-487c-843f-4ea96896eecf")&gt; | &lt;selenium.webdriver.firefox.webelement.Fi...</msg>
<status status="PASS" starttime="20181005 12:08:11.870" endtime="20181005 12:08:12.192"></status>
</kw>
<msg timestamp="20181005 12:08:12.192" level="INFO">@{Links} = [ &lt;selenium.webdriver.firefox.webelement.FirefoxWebElement (session="1a6d9f2e-1ea2-48b2-8e67-cb4aa6987230", element="fe878cc6-edcf-487c-843f-4ea96896eecf")&gt; | &lt;selenium.webdriver.firefox.webelement.Fi...</msg>
<status status="PASS" starttime="20181005 12:08:11.870" endtime="20181005 12:08:12.192"></status>
</kw>
<kw name="Click Element" library="SeleniumLibrary">
<doc>Click element identified by ``locator``.</doc>
<arguments>
<arg>${Links[${index}]}</arg>
</arguments>
<msg timestamp="20181005 12:08:12.194" level="INFO">Clicking element '&lt;selenium.webdriver.firefox.webelement.FirefoxWebElement (session="1a6d9f2e-1ea2-48b2-8e67-cb4aa6987230", element="5fdfa528-4991-4dc3-bb4c-2a1a1548bebb")&gt;'.</msg>
<status status="PASS" starttime="20181005 12:08:12.193" endtime="20181005 12:08:18.007"></status>
</kw>
<kw name="Go Back" library="SeleniumLibrary">
<doc>Simulates the user clicking the back button on their browser.</doc>
<status status="PASS" starttime="20181005 12:08:18.008" endtime="20181005 12:08:22.536"></status>
</kw>
<status status="PASS" starttime="20181005 12:08:11.869" endtime="20181005 12:08:22.536"></status>
</kw>
<kw name="${index} = 3" type="foritem">
<kw name="Find Links" library="Go_Into_Jedynkas">
<assign>
<var>@{Links}</var>
</assign>
<kw name="Get WebElements" library="SeleniumLibrary">
<doc>Returns list of WebElement objects matching the ``locator``.</doc>
<arguments>
<arg>${Jedynka Partial xPath}</arg>
</arguments>
<assign>
<var>@{Elements Links}</var>
</assign>
<msg timestamp="20181005 12:08:22.842" level="INFO">@{Elements Links} = [ &lt;selenium.webdriver.firefox.webelement.FirefoxWebElement (session="1a6d9f2e-1ea2-48b2-8e67-cb4aa6987230", element="64ff84ec-decd-4d6c-8e9d-0690ffca35f9")&gt; | &lt;selenium.webdriver.firefox.webelement.Fi...</msg>
<status status="PASS" starttime="20181005 12:08:22.538" endtime="20181005 12:08:22.843"></status>
</kw>
<msg timestamp="20181005 12:08:22.843" level="INFO">@{Links} = [ &lt;selenium.webdriver.firefox.webelement.FirefoxWebElement (session="1a6d9f2e-1ea2-48b2-8e67-cb4aa6987230", element="64ff84ec-decd-4d6c-8e9d-0690ffca35f9")&gt; | &lt;selenium.webdriver.firefox.webelement.Fi...</msg>
<status status="PASS" starttime="20181005 12:08:22.537" endtime="20181005 12:08:22.843"></status>
</kw>
<kw name="Click Element" library="SeleniumLibrary">
<doc>Click element identified by ``locator``.</doc>
<arguments>
<arg>${Links[${index}]}</arg>
</arguments>
<msg timestamp="20181005 12:08:22.844" level="INFO">Clicking element '&lt;selenium.webdriver.firefox.webelement.FirefoxWebElement (session="1a6d9f2e-1ea2-48b2-8e67-cb4aa6987230", element="a8a90267-bd20-43fd-9922-ffbc4a051071")&gt;'.</msg>
<status status="PASS" starttime="20181005 12:08:22.843" endtime="20181005 12:08:37.402"></status>
</kw>
<kw name="Go Back" library="SeleniumLibrary">
<doc>Simulates the user clicking the back button on their browser.</doc>
<status status="PASS" starttime="20181005 12:08:37.402" endtime="20181005 12:08:45.364"></status>
</kw>
<status status="PASS" starttime="20181005 12:08:22.537" endtime="20181005 12:08:45.364"></status>
</kw>
<kw name="${index} = 4" type="foritem">
<kw name="Find Links" library="Go_Into_Jedynkas">
<assign>
<var>@{Links}</var>
</assign>
<kw name="Get WebElements" library="SeleniumLibrary">
<doc>Returns list of WebElement objects matching the ``locator``.</doc>
<arguments>
<arg>${Jedynka Partial xPath}</arg>
</arguments>
<assign>
<var>@{Elements Links}</var>
</assign>
<msg timestamp="20181005 12:08:45.730" level="INFO">@{Elements Links} = [ &lt;selenium.webdriver.firefox.webelement.FirefoxWebElement (session="1a6d9f2e-1ea2-48b2-8e67-cb4aa6987230", element="37e67d39-06e4-4f09-8a6d-cdbcdde5fdcf")&gt; | &lt;selenium.webdriver.firefox.webelement.Fi...</msg>
<status status="PASS" starttime="20181005 12:08:45.366" endtime="20181005 12:08:45.730"></status>
</kw>
<msg timestamp="20181005 12:08:45.730" level="INFO">@{Links} = [ &lt;selenium.webdriver.firefox.webelement.FirefoxWebElement (session="1a6d9f2e-1ea2-48b2-8e67-cb4aa6987230", element="37e67d39-06e4-4f09-8a6d-cdbcdde5fdcf")&gt; | &lt;selenium.webdriver.firefox.webelement.Fi...</msg>
<status status="PASS" starttime="20181005 12:08:45.365" endtime="20181005 12:08:45.731"></status>
</kw>
<kw name="Click Element" library="SeleniumLibrary">
<doc>Click element identified by ``locator``.</doc>
<arguments>
<arg>${Links[${index}]}</arg>
</arguments>
<msg timestamp="20181005 12:08:45.732" level="INFO">Clicking element '&lt;selenium.webdriver.firefox.webelement.FirefoxWebElement (session="1a6d9f2e-1ea2-48b2-8e67-cb4aa6987230", element="cbe738c2-9b28-42c8-be52-7528deb9177f")&gt;'.</msg>
<status status="PASS" starttime="20181005 12:08:45.731" endtime="20181005 12:08:51.695"></status>
</kw>
<kw name="Go Back" library="SeleniumLibrary">
<doc>Simulates the user clicking the back button on their browser.</doc>
<status status="PASS" starttime="20181005 12:08:51.696" endtime="20181005 12:08:56.073"></status>
</kw>
<status status="PASS" starttime="20181005 12:08:45.365" endtime="20181005 12:08:56.074"></status>
</kw>
<kw name="${index} = 5" type="foritem">
<kw name="Find Links" library="Go_Into_Jedynkas">
<assign>
<var>@{Links}</var>
</assign>
<kw name="Get WebElements" library="SeleniumLibrary">
<doc>Returns list of WebElement objects matching the ``locator``.</doc>
<arguments>
<arg>${Jedynka Partial xPath}</arg>
</arguments>
<assign>
<var>@{Elements Links}</var>
</assign>
<msg timestamp="20181005 12:08:56.275" level="INFO">@{Elements Links} = [ &lt;selenium.webdriver.firefox.webelement.FirefoxWebElement (session="1a6d9f2e-1ea2-48b2-8e67-cb4aa6987230", element="e29195db-f6a4-4969-a4a9-b1d101b153c4")&gt; | &lt;selenium.webdriver.firefox.webelement.Fi...</msg>
<status status="PASS" starttime="20181005 12:08:56.075" endtime="20181005 12:08:56.275"></status>
</kw>
<msg timestamp="20181005 12:08:56.276" level="INFO">@{Links} = [ &lt;selenium.webdriver.firefox.webelement.FirefoxWebElement (session="1a6d9f2e-1ea2-48b2-8e67-cb4aa6987230", element="e29195db-f6a4-4969-a4a9-b1d101b153c4")&gt; | &lt;selenium.webdriver.firefox.webelement.Fi...</msg>
<status status="PASS" starttime="20181005 12:08:56.074" endtime="20181005 12:08:56.276"></status>
</kw>
<kw name="Click Element" library="SeleniumLibrary">
<doc>Click element identified by ``locator``.</doc>
<arguments>
<arg>${Links[${index}]}</arg>
</arguments>
<msg timestamp="20181005 12:08:56.279" level="INFO">Clicking element '&lt;selenium.webdriver.firefox.webelement.FirefoxWebElement (session="1a6d9f2e-1ea2-48b2-8e67-cb4aa6987230", element="25a86a02-b90b-4a6e-8926-36b0298b798a")&gt;'.</msg>
<status status="PASS" starttime="20181005 12:08:56.277" endtime="20181005 12:09:02.357"></status>
</kw>
<kw name="Go Back" library="SeleniumLibrary">
<doc>Simulates the user clicking the back button on their browser.</doc>
<status status="PASS" starttime="20181005 12:09:02.357" endtime="20181005 12:09:07.671"></status>
</kw>
<status status="PASS" starttime="20181005 12:08:56.074" endtime="20181005 12:09:07.671"></status>
</kw>
<status status="PASS" starttime="20181005 12:07:41.552" endtime="20181005 12:09:07.671"></status>
</kw>
<status status="PASS" starttime="20181005 12:07:41.504" endtime="20181005 12:09:07.671"></status>
</kw>
<kw name="Close Firefox" library="Common" type="teardown">
<kw name="Close Browser" library="SeleniumLibrary">
<doc>Closes the current browser.</doc>
<status status="PASS" starttime="20181005 12:09:07.674" endtime="20181005 12:09:16.272"></status>
</kw>
<status status="PASS" starttime="20181005 12:09:07.672" endtime="20181005 12:09:16.272"></status>
</kw>
<status status="PASS" starttime="20181005 12:07:24.389" endtime="20181005 12:09:16.273" critical="yes"></status>
</test>
<status status="PASS" starttime="20181005 12:07:23.897" endtime="20181005 12:09:16.276"></status>
</suite>
<statistics>
<total>
<stat pass="1" fail="0">Critical Tests</stat>
<stat pass="1" fail="0">All Tests</stat>
</total>
<tag>
</tag>
<suite>
<stat pass="1" fail="0" id="s1" name="Open All Hot Sites">Open All Hot Sites</stat>
</suite>
</statistics>
<errors>
<msg timestamp="20181005 12:07:24.386" level="ERROR">Error in file 'C:\developement\robot_scripts\GWr_Akcje\Resources\Page_Objects\Go_Into_Jedynkas.robot': Resource file 'Resources\Page_Objects\Downvote_Comments.robot' does not exist.</msg>
</errors>
</robot>
