<?xml version="1.0" encoding="UTF-8"?>
<robot generator="Robot 3.1a1 (Python 3.6.4rc1 on win32)" generated="20181005 12:40:46.057" rpa="false">
<suite id="s1" name="Downvote All Comments For Each Articles" source="C:\developement\robot_scripts\GWr_Akcje\Tests\Downvote_All_Comments_For_Each_Articles.robot">
<test id="s1-t1" name="Open Top Subsites">
<kw name="Open Firefox" library="Common" type="setup">
<arguments>
<arg>${WEB_SITE_ADDRESS}</arg>
</arguments>
<kw name="Open Browser" library="SeleniumLibrary">
<doc>Opens a new browser instance to the given ``url``.</doc>
<arguments>
<arg>${web_page}</arg>
<arg>ff</arg>
</arguments>
<msg timestamp="20181005 12:40:46.388" level="INFO">Opening browser 'ff' to base url 'https://gazetawroclawska.pl'.</msg>
<status status="PASS" starttime="20181005 12:40:46.388" endtime="20181005 12:41:00.552"></status>
</kw>
<status status="PASS" starttime="20181005 12:40:46.387" endtime="20181005 12:41:00.552"></status>
</kw>
<kw name="Close RODO Banner" library="Common">
<kw name="Is RODO Visible" library="Common">
<assign>
<var>${Is RODO Visible}</var>
</assign>
<kw name="Get Element Count" library="SeleniumLibrary">
<doc>Returns number of elements matching ``locator``.</doc>
<arguments>
<arg>${Close RODO Banner xPath}</arg>
</arguments>
<assign>
<var>${Count X}</var>
</assign>
<msg timestamp="20181005 12:41:00.672" level="INFO">${Count X} = 1</msg>
<status status="PASS" starttime="20181005 12:41:00.555" endtime="20181005 12:41:00.672"></status>
</kw>
<kw name="Set Variable If" library="BuiltIn">
<doc>Sets variable based on the given condition.</doc>
<arguments>
<arg>${Count X} == 1</arg>
<arg>True</arg>
<arg>False</arg>
</arguments>
<assign>
<var>${Status}</var>
</assign>
<msg timestamp="20181005 12:41:00.674" level="INFO">${Status} = True</msg>
<status status="PASS" starttime="20181005 12:41:00.673" endtime="20181005 12:41:00.674"></status>
</kw>
<msg timestamp="20181005 12:41:00.674" level="INFO">${Is RODO Visible} = True</msg>
<status status="PASS" starttime="20181005 12:41:00.554" endtime="20181005 12:41:00.674"></status>
</kw>
<kw name="Run Keyword If" library="BuiltIn">
<doc>Runs the given keyword with the given arguments, if ``condition`` is true.</doc>
<arguments>
<arg>${Is RODO Visible}</arg>
<arg>Close RODO Window</arg>
</arguments>
<kw name="Close RODO Window" library="Common">
<kw name="Click Element" library="SeleniumLibrary">
<doc>Click element identified by ``locator``.</doc>
<arguments>
<arg>${Close RODO Banner xPath}</arg>
</arguments>
<msg timestamp="20181005 12:41:00.678" level="INFO">Clicking element 'xpath=//a[@class='crossDialog__close']'.</msg>
<status status="PASS" starttime="20181005 12:41:00.677" endtime="20181005 12:41:01.567"></status>
</kw>
<status status="PASS" starttime="20181005 12:41:00.676" endtime="20181005 12:41:01.567"></status>
</kw>
<status status="PASS" starttime="20181005 12:41:00.675" endtime="20181005 12:41:01.567"></status>
</kw>
<status status="PASS" starttime="20181005 12:41:00.553" endtime="20181005 12:41:01.567"></status>
</kw>
<kw name="Downvote All Comments in Each Link" library="Go_Into_Jedynkas">
<kw name="Find Links" library="Go_Into_Jedynkas">
<assign>
<var>@{Links}</var>
</assign>
<kw name="Get WebElements" library="SeleniumLibrary">
<doc>Returns list of WebElement objects matching the ``locator``.</doc>
<arguments>
<arg>${Jedynka Partial xPath}</arg>
</arguments>
<assign>
<var>@{Elements Links}</var>
</assign>
<msg timestamp="20181005 12:41:01.600" level="INFO">@{Elements Links} = [ &lt;selenium.webdriver.firefox.webelement.FirefoxWebElement (session="f94bb3dd-ce94-433d-8a0b-d8d8e9244c9a", element="aac2f172-8517-46f0-812f-5e5f1ef383e9")&gt; | &lt;selenium.webdriver.firefox.webelement.Fi...</msg>
<status status="PASS" starttime="20181005 12:41:01.569" endtime="20181005 12:41:01.600"></status>
</kw>
<msg timestamp="20181005 12:41:01.601" level="INFO">@{Links} = [ &lt;selenium.webdriver.firefox.webelement.FirefoxWebElement (session="f94bb3dd-ce94-433d-8a0b-d8d8e9244c9a", element="aac2f172-8517-46f0-812f-5e5f1ef383e9")&gt; | &lt;selenium.webdriver.firefox.webelement.Fi...</msg>
<status status="PASS" starttime="20181005 12:41:01.568" endtime="20181005 12:41:01.601"></status>
</kw>
<kw name="Get Length" library="BuiltIn">
<doc>Returns and logs the length of the given item as an integer.</doc>
<arguments>
<arg>${Links}</arg>
</arguments>
<assign>
<var>${Number Of Elements}</var>
</assign>
<msg timestamp="20181005 12:41:01.601" level="INFO">Length is 6</msg>
<msg timestamp="20181005 12:41:01.601" level="INFO">${Number Of Elements} = 6</msg>
<status status="PASS" starttime="20181005 12:41:01.601" endtime="20181005 12:41:01.602"></status>
</kw>
<kw name="${index} IN RANGE [ 0 | ${Number Of Elements} ]" type="for">
<kw name="${index} = 0" type="foritem">
<kw name="Find Links" library="Go_Into_Jedynkas">
<assign>
<var>@{Links}</var>
</assign>
<kw name="Get WebElements" library="SeleniumLibrary">
<doc>Returns list of WebElement objects matching the ``locator``.</doc>
<arguments>
<arg>${Jedynka Partial xPath}</arg>
</arguments>
<assign>
<var>@{Elements Links}</var>
</assign>
<msg timestamp="20181005 12:41:01.646" level="INFO">@{Elements Links} = [ &lt;selenium.webdriver.firefox.webelement.FirefoxWebElement (session="f94bb3dd-ce94-433d-8a0b-d8d8e9244c9a", element="aac2f172-8517-46f0-812f-5e5f1ef383e9")&gt; | &lt;selenium.webdriver.firefox.webelement.Fi...</msg>
<status status="PASS" starttime="20181005 12:41:01.603" endtime="20181005 12:41:01.646"></status>
</kw>
<msg timestamp="20181005 12:41:01.647" level="INFO">@{Links} = [ &lt;selenium.webdriver.firefox.webelement.FirefoxWebElement (session="f94bb3dd-ce94-433d-8a0b-d8d8e9244c9a", element="aac2f172-8517-46f0-812f-5e5f1ef383e9")&gt; | &lt;selenium.webdriver.firefox.webelement.Fi...</msg>
<status status="PASS" starttime="20181005 12:41:01.602" endtime="20181005 12:41:01.647"></status>
</kw>
<kw name="Click Element" library="SeleniumLibrary">
<doc>Click element identified by ``locator``.</doc>
<arguments>
<arg>${Links[${index}]}</arg>
</arguments>
<msg timestamp="20181005 12:41:01.648" level="INFO">Clicking element '&lt;selenium.webdriver.firefox.webelement.FirefoxWebElement (session="f94bb3dd-ce94-433d-8a0b-d8d8e9244c9a", element="aac2f172-8517-46f0-812f-5e5f1ef383e9")&gt;'.</msg>
<status status="PASS" starttime="20181005 12:41:01.647" endtime="20181005 12:41:13.076"></status>
</kw>
<kw name="Expand All Comments" library="Downvote_Comments">
<kw name="${index} IN RANGE [ 0 | 999 ]" type="for">
<kw name="${index} = 0" type="foritem">
<kw name="Is Pokaz Wiecej Visible" library="Downvote_Comments">
<assign>
<var>${Is Pokaz Wiecej Visible}</var>
</assign>
<kw name="Get Element Count" library="SeleniumLibrary">
<doc>Returns number of elements matching ``locator``.</doc>
<arguments>
<arg>${Pokaz Wiecej Button xPath}</arg>
</arguments>
<assign>
<var>${Count Button}</var>
</assign>
<msg timestamp="20181005 12:41:13.146" level="INFO">${Count Button} = 1</msg>
<status status="PASS" starttime="20181005 12:41:13.078" endtime="20181005 12:41:13.146"></status>
</kw>
<kw name="Set Variable If" library="BuiltIn">
<doc>Sets variable based on the given condition.</doc>
<arguments>
<arg>${Count Button} == 1</arg>
<arg>True</arg>
<arg>False</arg>
</arguments>
<assign>
<var>${Status}</var>
</assign>
<msg timestamp="20181005 12:41:13.147" level="INFO">${Status} = True</msg>
<status status="PASS" starttime="20181005 12:41:13.146" endtime="20181005 12:41:13.147"></status>
</kw>
<msg timestamp="20181005 12:41:13.147" level="INFO">${Is Pokaz Wiecej Visible} = True</msg>
<status status="PASS" starttime="20181005 12:41:13.078" endtime="20181005 12:41:13.147"></status>
</kw>
<kw name="Exit For Loop If" library="BuiltIn">
<doc>Stops executing the enclosing for loop if the ``condition`` is true.</doc>
<arguments>
<arg>${Is Pokaz Wiecej Visible} == 0</arg>
</arguments>
<status status="PASS" starttime="20181005 12:41:13.148" endtime="20181005 12:41:13.148"></status>
</kw>
<kw name="Expand" library="Downvote_Comments">
<kw name="Click Button" library="SeleniumLibrary">
<doc>Clicks button identified by ``locator``.</doc>
<arguments>
<arg>${Pokaz Wiecej Button xPath}</arg>
</arguments>
<msg timestamp="20181005 12:41:13.150" level="INFO">Clicking button 'xpath=//input[@id='komentarze-wiecej']'.</msg>
<status status="PASS" starttime="20181005 12:41:13.149" endtime="20181005 12:41:13.654"></status>
</kw>
<status status="PASS" starttime="20181005 12:41:13.148" endtime="20181005 12:41:13.654"></status>
</kw>
<status status="PASS" starttime="20181005 12:41:13.077" endtime="20181005 12:41:13.654"></status>
</kw>
<kw name="${index} = 1" type="foritem">
<kw name="Is Pokaz Wiecej Visible" library="Downvote_Comments">
<assign>
<var>${Is Pokaz Wiecej Visible}</var>
</assign>
<kw name="Get Element Count" library="SeleniumLibrary">
<doc>Returns number of elements matching ``locator``.</doc>
<arguments>
<arg>${Pokaz Wiecej Button xPath}</arg>
</arguments>
<assign>
<var>${Count Button}</var>
</assign>
<msg timestamp="20181005 12:41:13.684" level="INFO">${Count Button} = 1</msg>
<status status="PASS" starttime="20181005 12:41:13.656" endtime="20181005 12:41:13.684"></status>
</kw>
<kw name="Set Variable If" library="BuiltIn">
<doc>Sets variable based on the given condition.</doc>
<arguments>
<arg>${Count Button} == 1</arg>
<arg>True</arg>
<arg>False</arg>
</arguments>
<assign>
<var>${Status}</var>
</assign>
<msg timestamp="20181005 12:41:13.686" level="INFO">${Status} = True</msg>
<status status="PASS" starttime="20181005 12:41:13.685" endtime="20181005 12:41:13.686"></status>
</kw>
<msg timestamp="20181005 12:41:13.686" level="INFO">${Is Pokaz Wiecej Visible} = True</msg>
<status status="PASS" starttime="20181005 12:41:13.655" endtime="20181005 12:41:13.686"></status>
</kw>
<kw name="Exit For Loop If" library="BuiltIn">
<doc>Stops executing the enclosing for loop if the ``condition`` is true.</doc>
<arguments>
<arg>${Is Pokaz Wiecej Visible} == 0</arg>
</arguments>
<status status="PASS" starttime="20181005 12:41:13.686" endtime="20181005 12:41:13.687"></status>
</kw>
<kw name="Expand" library="Downvote_Comments">
<kw name="Click Button" library="SeleniumLibrary">
<doc>Clicks button identified by ``locator``.</doc>
<arguments>
<arg>${Pokaz Wiecej Button xPath}</arg>
</arguments>
<msg timestamp="20181005 12:41:13.688" level="INFO">Clicking button 'xpath=//input[@id='komentarze-wiecej']'.</msg>
<status status="PASS" starttime="20181005 12:41:13.688" endtime="20181005 12:41:14.083"></status>
</kw>
<status status="PASS" starttime="20181005 12:41:13.687" endtime="20181005 12:41:14.083"></status>
</kw>
<status status="PASS" starttime="20181005 12:41:13.655" endtime="20181005 12:41:14.083"></status>
</kw>
<kw name="${index} = 2" type="foritem">
<kw name="Is Pokaz Wiecej Visible" library="Downvote_Comments">
<assign>
<var>${Is Pokaz Wiecej Visible}</var>
</assign>
<kw name="Get Element Count" library="SeleniumLibrary">
<doc>Returns number of elements matching ``locator``.</doc>
<arguments>
<arg>${Pokaz Wiecej Button xPath}</arg>
</arguments>
<assign>
<var>${Count Button}</var>
</assign>
<msg timestamp="20181005 12:41:14.114" level="INFO">${Count Button} = 1</msg>
<status status="PASS" starttime="20181005 12:41:14.084" endtime="20181005 12:41:14.114"></status>
</kw>
<kw name="Set Variable If" library="BuiltIn">
<doc>Sets variable based on the given condition.</doc>
<arguments>
<arg>${Count Button} == 1</arg>
<arg>True</arg>
<arg>False</arg>
</arguments>
<assign>
<var>${Status}</var>
</assign>
<msg timestamp="20181005 12:41:14.114" level="INFO">${Status} = True</msg>
<status status="PASS" starttime="20181005 12:41:14.114" endtime="20181005 12:41:14.115"></status>
</kw>
<msg timestamp="20181005 12:41:14.115" level="INFO">${Is Pokaz Wiecej Visible} = True</msg>
<status status="PASS" starttime="20181005 12:41:14.084" endtime="20181005 12:41:14.115"></status>
</kw>
<kw name="Exit For Loop If" library="BuiltIn">
<doc>Stops executing the enclosing for loop if the ``condition`` is true.</doc>
<arguments>
<arg>${Is Pokaz Wiecej Visible} == 0</arg>
</arguments>
<status status="PASS" starttime="20181005 12:41:14.115" endtime="20181005 12:41:14.116"></status>
</kw>
<kw name="Expand" library="Downvote_Comments">
<kw name="Click Button" library="SeleniumLibrary">
<doc>Clicks button identified by ``locator``.</doc>
<arguments>
<arg>${Pokaz Wiecej Button xPath}</arg>
</arguments>
<msg timestamp="20181005 12:41:14.117" level="INFO">Clicking button 'xpath=//input[@id='komentarze-wiecej']'.</msg>
<status status="PASS" starttime="20181005 12:41:14.116" endtime="20181005 12:41:14.637"></status>
</kw>
<status status="PASS" starttime="20181005 12:41:14.116" endtime="20181005 12:41:14.637"></status>
</kw>
<status status="PASS" starttime="20181005 12:41:14.083" endtime="20181005 12:41:14.637"></status>
</kw>
<kw name="${index} = 3" type="foritem">
<kw name="Is Pokaz Wiecej Visible" library="Downvote_Comments">
<assign>
<var>${Is Pokaz Wiecej Visible}</var>
</assign>
<kw name="Get Element Count" library="SeleniumLibrary">
<doc>Returns number of elements matching ``locator``.</doc>
<arguments>
<arg>${Pokaz Wiecej Button xPath}</arg>
</arguments>
<assign>
<var>${Count Button}</var>
</assign>
<msg timestamp="20181005 12:41:14.647" level="INFO">${Count Button} = 0</msg>
<status status="PASS" starttime="20181005 12:41:14.638" endtime="20181005 12:41:14.647"></status>
</kw>
<kw name="Set Variable If" library="BuiltIn">
<doc>Sets variable based on the given condition.</doc>
<arguments>
<arg>${Count Button} == 1</arg>
<arg>True</arg>
<arg>False</arg>
</arguments>
<assign>
<var>${Status}</var>
</assign>
<msg timestamp="20181005 12:41:14.649" level="INFO">${Status} = False</msg>
<status status="PASS" starttime="20181005 12:41:14.648" endtime="20181005 12:41:14.649"></status>
</kw>
<msg timestamp="20181005 12:41:14.649" level="INFO">${Is Pokaz Wiecej Visible} = False</msg>
<status status="PASS" starttime="20181005 12:41:14.638" endtime="20181005 12:41:14.649"></status>
</kw>
<kw name="Exit For Loop If" library="BuiltIn">
<doc>Stops executing the enclosing for loop if the ``condition`` is true.</doc>
<arguments>
<arg>${Is Pokaz Wiecej Visible} == 0</arg>
</arguments>
<msg timestamp="20181005 12:41:14.650" level="INFO">Exiting for loop altogether.</msg>
<status status="PASS" starttime="20181005 12:41:14.649" endtime="20181005 12:41:14.650"></status>
</kw>
<status status="PASS" starttime="20181005 12:41:14.638" endtime="20181005 12:41:14.650"></status>
</kw>
<status status="PASS" starttime="20181005 12:41:13.077" endtime="20181005 12:41:14.650"></status>
</kw>
<status status="PASS" starttime="20181005 12:41:13.077" endtime="20181005 12:41:14.650"></status>
</kw>
<kw name="Downvote All Comments" library="Downvote_Comments">
<kw name="Detect All Thumbs Down" library="Downvote_Comments">
<assign>
<var>@{Thumb Locators}</var>
</assign>
<kw name="Get WebElements" library="SeleniumLibrary">
<doc>Returns list of WebElement objects matching the ``locator``.</doc>
<arguments>
<arg>${Thumb Down Paetial Locator}</arg>
</arguments>
<assign>
<var>@{List of objects}</var>
</assign>
<msg timestamp="20181005 12:41:14.693" level="INFO">@{List of objects} = [ &lt;selenium.webdriver.firefox.webelement.FirefoxWebElement (session="f94bb3dd-ce94-433d-8a0b-d8d8e9244c9a", element="3d09425c-4dca-493d-bf49-b554565fecf2")&gt; | &lt;selenium.webdriver.firefox.webelement.Fi...</msg>
<status status="PASS" starttime="20181005 12:41:14.651" endtime="20181005 12:41:14.693"></status>
</kw>
<msg timestamp="20181005 12:41:14.694" level="INFO">@{Thumb Locators} = [ &lt;selenium.webdriver.firefox.webelement.FirefoxWebElement (session="f94bb3dd-ce94-433d-8a0b-d8d8e9244c9a", element="3d09425c-4dca-493d-bf49-b554565fecf2")&gt; | &lt;selenium.webdriver.firefox.webelement.Fi...</msg>
<status status="PASS" starttime="20181005 12:41:14.651" endtime="20181005 12:41:14.695"></status>
</kw>
<kw name="Click Downvote For All Comments" library="Downvote_Comments">
<arguments>
<arg>@{Thumb Locators}</arg>
</arguments>
<kw name="${index} IN [ @{Object List} ]" type="for">
<kw name="${index} = &lt;selenium.webdriver.firefox.webelement.FirefoxWebElement (session=&quot;f94bb3dd-ce94-433d-8a0b-d8d8e9244c9a&quot;, element=&quot;3d09425c-4dca-493d-bf49-b554565fecf2&quot;)&gt;" type="foritem">
<kw name="Click Element" library="SeleniumLibrary">
<doc>Click element identified by ``locator``.</doc>
<arguments>
<arg>${index}</arg>
</arguments>
<msg timestamp="20181005 12:41:14.697" level="INFO">Clicking element '&lt;selenium.webdriver.firefox.webelement.FirefoxWebElement (session="f94bb3dd-ce94-433d-8a0b-d8d8e9244c9a", element="3d09425c-4dca-493d-bf49-b554565fecf2")&gt;'.</msg>
<status status="PASS" starttime="20181005 12:41:14.697" endtime="20181005 12:41:15.058"></status>
</kw>
<status status="PASS" starttime="20181005 12:41:14.697" endtime="20181005 12:41:15.059"></status>
</kw>
<kw name="${index} = &lt;selenium.webdriver.firefox.webelement.FirefoxWebElement (session=&quot;f94bb3dd-ce94-433d-8a0b-d8d8e9244c9a&quot;, element=&quot;392fcc82-e095-4548-9615-b0599c4ffb8b&quot;)&gt;" type="foritem">
<kw name="Click Element" library="SeleniumLibrary">
<doc>Click element identified by ``locator``.</doc>
<arguments>
<arg>${index}</arg>
</arguments>
<msg timestamp="20181005 12:41:15.061" level="INFO">Clicking element '&lt;selenium.webdriver.firefox.webelement.FirefoxWebElement (session="f94bb3dd-ce94-433d-8a0b-d8d8e9244c9a", element="392fcc82-e095-4548-9615-b0599c4ffb8b")&gt;'.</msg>
<status status="PASS" starttime="20181005 12:41:15.060" endtime="20181005 12:41:15.410"></status>
</kw>
<status status="PASS" starttime="20181005 12:41:15.059" endtime="20181005 12:41:15.410"></status>
</kw>
<kw name="${index} = &lt;selenium.webdriver.firefox.webelement.FirefoxWebElement (session=&quot;f94bb3dd-ce94-433d-8a0b-d8d8e9244c9a&quot;, element=&quot;06e04b4e-c39c-4e22-b779-6cc8d7b243f5&quot;)&gt;" type="foritem">
<kw name="Click Element" library="SeleniumLibrary">
<doc>Click element identified by ``locator``.</doc>
<arguments>
<arg>${index}</arg>
</arguments>
<msg timestamp="20181005 12:41:15.412" level="INFO">Clicking element '&lt;selenium.webdriver.firefox.webelement.FirefoxWebElement (session="f94bb3dd-ce94-433d-8a0b-d8d8e9244c9a", element="06e04b4e-c39c-4e22-b779-6cc8d7b243f5")&gt;'.</msg>
<status status="PASS" starttime="20181005 12:41:15.411" endtime="20181005 12:41:15.791"></status>
</kw>
<status status="PASS" starttime="20181005 12:41:15.411" endtime="20181005 12:41:15.791"></status>
</kw>
<kw name="${index} = &lt;selenium.webdriver.firefox.webelement.FirefoxWebElement (session=&quot;f94bb3dd-ce94-433d-8a0b-d8d8e9244c9a&quot;, element=&quot;6d57d9d4-fbaa-48f8-9303-16b60e731be3&quot;)&gt;" type="foritem">
<kw name="Click Element" library="SeleniumLibrary">
<doc>Click element identified by ``locator``.</doc>
<arguments>
<arg>${index}</arg>
</arguments>
<msg timestamp="20181005 12:41:15.792" level="INFO">Clicking element '&lt;selenium.webdriver.firefox.webelement.FirefoxWebElement (session="f94bb3dd-ce94-433d-8a0b-d8d8e9244c9a", element="6d57d9d4-fbaa-48f8-9303-16b60e731be3")&gt;'.</msg>
<status status="PASS" starttime="20181005 12:41:15.792" endtime="20181005 12:41:16.080"></status>
</kw>
<status status="PASS" starttime="20181005 12:41:15.791" endtime="20181005 12:41:16.080"></status>
</kw>
<kw name="${index} = &lt;selenium.webdriver.firefox.webelement.FirefoxWebElement (session=&quot;f94bb3dd-ce94-433d-8a0b-d8d8e9244c9a&quot;, element=&quot;d6cd0c95-959e-4c9b-a06e-2ce5e0858638&quot;)&gt;" type="foritem">
<kw name="Click Element" library="SeleniumLibrary">
<doc>Click element identified by ``locator``.</doc>
<arguments>
<arg>${index}</arg>
</arguments>
<msg timestamp="20181005 12:41:16.081" level="INFO">Clicking element '&lt;selenium.webdriver.firefox.webelement.FirefoxWebElement (session="f94bb3dd-ce94-433d-8a0b-d8d8e9244c9a", element="d6cd0c95-959e-4c9b-a06e-2ce5e0858638")&gt;'.</msg>
<status status="PASS" starttime="20181005 12:41:16.080" endtime="20181005 12:41:16.354"></status>
</kw>
<status status="PASS" starttime="20181005 12:41:16.080" endtime="20181005 12:41:16.355"></status>
</kw>
<kw name="${index} = &lt;selenium.webdriver.firefox.webelement.FirefoxWebElement (session=&quot;f94bb3dd-ce94-433d-8a0b-d8d8e9244c9a&quot;, element=&quot;a94ae954-e09f-45a4-8c21-3c0fa46a3b7e&quot;)&gt;" type="foritem">
<kw name="Click Element" library="SeleniumLibrary">
<doc>Click element identified by ``locator``.</doc>
<arguments>
<arg>${index}</arg>
</arguments>
<msg timestamp="20181005 12:41:16.355" level="INFO">Clicking element '&lt;selenium.webdriver.firefox.webelement.FirefoxWebElement (session="f94bb3dd-ce94-433d-8a0b-d8d8e9244c9a", element="a94ae954-e09f-45a4-8c21-3c0fa46a3b7e")&gt;'.</msg>
<status status="PASS" starttime="20181005 12:41:16.355" endtime="20181005 12:41:16.667"></status>
</kw>
<status status="PASS" starttime="20181005 12:41:16.355" endtime="20181005 12:41:16.667"></status>
</kw>
<kw name="${index} = &lt;selenium.webdriver.firefox.webelement.FirefoxWebElement (session=&quot;f94bb3dd-ce94-433d-8a0b-d8d8e9244c9a&quot;, element=&quot;7b4645c9-3ce0-44e9-9ed8-0fd2136ccb88&quot;)&gt;" type="foritem">
<kw name="Click Element" library="SeleniumLibrary">
<doc>Click element identified by ``locator``.</doc>
<arguments>
<arg>${index}</arg>
</arguments>
<msg timestamp="20181005 12:41:16.669" level="INFO">Clicking element '&lt;selenium.webdriver.firefox.webelement.FirefoxWebElement (session="f94bb3dd-ce94-433d-8a0b-d8d8e9244c9a", element="7b4645c9-3ce0-44e9-9ed8-0fd2136ccb88")&gt;'.</msg>
<status status="PASS" starttime="20181005 12:41:16.669" endtime="20181005 12:41:16.930"></status>
</kw>
<status status="PASS" starttime="20181005 12:41:16.668" endtime="20181005 12:41:16.930"></status>
</kw>
<kw name="${index} = &lt;selenium.webdriver.firefox.webelement.FirefoxWebElement (session=&quot;f94bb3dd-ce94-433d-8a0b-d8d8e9244c9a&quot;, element=&quot;bd7be212-94df-4e3b-b2b1-ba97213accca&quot;)&gt;" type="foritem">
<kw name="Click Element" library="SeleniumLibrary">
<doc>Click element identified by ``locator``.</doc>
<arguments>
<arg>${index}</arg>
</arguments>
<msg timestamp="20181005 12:41:16.931" level="INFO">Clicking element '&lt;selenium.webdriver.firefox.webelement.FirefoxWebElement (session="f94bb3dd-ce94-433d-8a0b-d8d8e9244c9a", element="bd7be212-94df-4e3b-b2b1-ba97213accca")&gt;'.</msg>
<status status="PASS" starttime="20181005 12:41:16.931" endtime="20181005 12:41:17.233"></status>
</kw>
<status status="PASS" starttime="20181005 12:41:16.930" endtime="20181005 12:41:17.234"></status>
</kw>
<kw name="${index} = &lt;selenium.webdriver.firefox.webelement.FirefoxWebElement (session=&quot;f94bb3dd-ce94-433d-8a0b-d8d8e9244c9a&quot;, element=&quot;3ff4710d-68cd-42cd-9721-5ee0dc03e793&quot;)&gt;" type="foritem">
<kw name="Click Element" library="SeleniumLibrary">
<doc>Click element identified by ``locator``.</doc>
<arguments>
<arg>${index}</arg>
</arguments>
<msg timestamp="20181005 12:41:17.235" level="INFO">Clicking element '&lt;selenium.webdriver.firefox.webelement.FirefoxWebElement (session="f94bb3dd-ce94-433d-8a0b-d8d8e9244c9a", element="3ff4710d-68cd-42cd-9721-5ee0dc03e793")&gt;'.</msg>
<status status="PASS" starttime="20181005 12:41:17.234" endtime="20181005 12:41:17.529"></status>
</kw>
<status status="PASS" starttime="20181005 12:41:17.234" endtime="20181005 12:41:17.530"></status>
</kw>
<kw name="${index} = &lt;selenium.webdriver.firefox.webelement.FirefoxWebElement (session=&quot;f94bb3dd-ce94-433d-8a0b-d8d8e9244c9a&quot;, element=&quot;ced0c41a-a2f2-40f6-96b7-f2c00c73c797&quot;)&gt;" type="foritem">
<kw name="Click Element" library="SeleniumLibrary">
<doc>Click element identified by ``locator``.</doc>
<arguments>
<arg>${index}</arg>
</arguments>
<msg timestamp="20181005 12:41:17.531" level="INFO">Clicking element '&lt;selenium.webdriver.firefox.webelement.FirefoxWebElement (session="f94bb3dd-ce94-433d-8a0b-d8d8e9244c9a", element="ced0c41a-a2f2-40f6-96b7-f2c00c73c797")&gt;'.</msg>
<status status="PASS" starttime="20181005 12:41:17.530" endtime="20181005 12:41:17.812"></status>
</kw>
<status status="PASS" starttime="20181005 12:41:17.530" endtime="20181005 12:41:17.812"></status>
</kw>
<kw name="${index} = &lt;selenium.webdriver.firefox.webelement.FirefoxWebElement (session=&quot;f94bb3dd-ce94-433d-8a0b-d8d8e9244c9a&quot;, element=&quot;2e2099d1-94c3-4f5d-b145-f5f7af0ba33b&quot;)&gt;" type="foritem">
<kw name="Click Element" library="SeleniumLibrary">
<doc>Click element identified by ``locator``.</doc>
<arguments>
<arg>${index}</arg>
</arguments>
<msg timestamp="20181005 12:41:17.813" level="INFO">Clicking element '&lt;selenium.webdriver.firefox.webelement.FirefoxWebElement (session="f94bb3dd-ce94-433d-8a0b-d8d8e9244c9a", element="2e2099d1-94c3-4f5d-b145-f5f7af0ba33b")&gt;'.</msg>
<status status="PASS" starttime="20181005 12:41:17.813" endtime="20181005 12:41:18.078"></status>
</kw>
<status status="PASS" starttime="20181005 12:41:17.813" endtime="20181005 12:41:18.078"></status>
</kw>
<kw name="${index} = &lt;selenium.webdriver.firefox.webelement.FirefoxWebElement (session=&quot;f94bb3dd-ce94-433d-8a0b-d8d8e9244c9a&quot;, element=&quot;a489b02c-ef9e-47df-aa96-e68996d3f866&quot;)&gt;" type="foritem">
<kw name="Click Element" library="SeleniumLibrary">
<doc>Click element identified by ``locator``.</doc>
<arguments>
<arg>${index}</arg>
</arguments>
<msg timestamp="20181005 12:41:18.079" level="INFO">Clicking element '&lt;selenium.webdriver.firefox.webelement.FirefoxWebElement (session="f94bb3dd-ce94-433d-8a0b-d8d8e9244c9a", element="a489b02c-ef9e-47df-aa96-e68996d3f866")&gt;'.</msg>
<status status="PASS" starttime="20181005 12:41:18.079" endtime="20181005 12:41:18.347"></status>
</kw>
<status status="PASS" starttime="20181005 12:41:18.079" endtime="20181005 12:41:18.347"></status>
</kw>
<kw name="${index} = &lt;selenium.webdriver.firefox.webelement.FirefoxWebElement (session=&quot;f94bb3dd-ce94-433d-8a0b-d8d8e9244c9a&quot;, element=&quot;852b5440-9f5f-4c07-b579-ee8d3422f125&quot;)&gt;" type="foritem">
<kw name="Click Element" library="SeleniumLibrary">
<doc>Click element identified by ``locator``.</doc>
<arguments>
<arg>${index}</arg>
</arguments>
<msg timestamp="20181005 12:41:18.348" level="INFO">Clicking element '&lt;selenium.webdriver.firefox.webelement.FirefoxWebElement (session="f94bb3dd-ce94-433d-8a0b-d8d8e9244c9a", element="852b5440-9f5f-4c07-b579-ee8d3422f125")&gt;'.</msg>
<status status="PASS" starttime="20181005 12:41:18.347" endtime="20181005 12:41:18.629"></status>
</kw>
<status status="PASS" starttime="20181005 12:41:18.347" endtime="20181005 12:41:18.629"></status>
</kw>
<kw name="${index} = &lt;selenium.webdriver.firefox.webelement.FirefoxWebElement (session=&quot;f94bb3dd-ce94-433d-8a0b-d8d8e9244c9a&quot;, element=&quot;aa143caa-c0c1-4387-93cc-c9de5f7a53b5&quot;)&gt;" type="foritem">
<kw name="Click Element" library="SeleniumLibrary">
<doc>Click element identified by ``locator``.</doc>
<arguments>
<arg>${index}</arg>
</arguments>
<msg timestamp="20181005 12:41:18.630" level="INFO">Clicking element '&lt;selenium.webdriver.firefox.webelement.FirefoxWebElement (session="f94bb3dd-ce94-433d-8a0b-d8d8e9244c9a", element="aa143caa-c0c1-4387-93cc-c9de5f7a53b5")&gt;'.</msg>
<status status="PASS" starttime="20181005 12:41:18.629" endtime="20181005 12:41:18.943"></status>
</kw>
<status status="PASS" starttime="20181005 12:41:18.629" endtime="20181005 12:41:18.943"></status>
</kw>
<kw name="${index} = &lt;selenium.webdriver.firefox.webelement.FirefoxWebElement (session=&quot;f94bb3dd-ce94-433d-8a0b-d8d8e9244c9a&quot;, element=&quot;21898663-c4da-4ed3-bf1e-26b196f8779e&quot;)&gt;" type="foritem">
<kw name="Click Element" library="SeleniumLibrary">
<doc>Click element identified by ``locator``.</doc>
<arguments>
<arg>${index}</arg>
</arguments>
<msg timestamp="20181005 12:41:18.944" level="INFO">Clicking element '&lt;selenium.webdriver.firefox.webelement.FirefoxWebElement (session="f94bb3dd-ce94-433d-8a0b-d8d8e9244c9a", element="21898663-c4da-4ed3-bf1e-26b196f8779e")&gt;'.</msg>
<status status="PASS" starttime="20181005 12:41:18.944" endtime="20181005 12:41:19.203"></status>
</kw>
<status status="PASS" starttime="20181005 12:41:18.943" endtime="20181005 12:41:19.203"></status>
</kw>
<kw name="${index} = &lt;selenium.webdriver.firefox.webelement.FirefoxWebElement (session=&quot;f94bb3dd-ce94-433d-8a0b-d8d8e9244c9a&quot;, element=&quot;0d543e62-960c-4856-a8f8-39f2585ec03e&quot;)&gt;" type="foritem">
<kw name="Click Element" library="SeleniumLibrary">
<doc>Click element identified by ``locator``.</doc>
<arguments>
<arg>${index}</arg>
</arguments>
<msg timestamp="20181005 12:41:19.204" level="INFO">Clicking element '&lt;selenium.webdriver.firefox.webelement.FirefoxWebElement (session="f94bb3dd-ce94-433d-8a0b-d8d8e9244c9a", element="0d543e62-960c-4856-a8f8-39f2585ec03e")&gt;'.</msg>
<status status="PASS" starttime="20181005 12:41:19.203" endtime="20181005 12:41:19.477"></status>
</kw>
<status status="PASS" starttime="20181005 12:41:19.203" endtime="20181005 12:41:19.477"></status>
</kw>
<kw name="${index} = &lt;selenium.webdriver.firefox.webelement.FirefoxWebElement (session=&quot;f94bb3dd-ce94-433d-8a0b-d8d8e9244c9a&quot;, element=&quot;050e5b55-e245-47b3-96cc-2886b61dbbb2&quot;)&gt;" type="foritem">
<kw name="Click Element" library="SeleniumLibrary">
<doc>Click element identified by ``locator``.</doc>
<arguments>
<arg>${index}</arg>
</arguments>
<msg timestamp="20181005 12:41:19.478" level="INFO">Clicking element '&lt;selenium.webdriver.firefox.webelement.FirefoxWebElement (session="f94bb3dd-ce94-433d-8a0b-d8d8e9244c9a", element="050e5b55-e245-47b3-96cc-2886b61dbbb2")&gt;'.</msg>
<status status="PASS" starttime="20181005 12:41:19.477" endtime="20181005 12:41:19.736"></status>
</kw>
<status status="PASS" starttime="20181005 12:41:19.477" endtime="20181005 12:41:19.736"></status>
</kw>
<kw name="${index} = &lt;selenium.webdriver.firefox.webelement.FirefoxWebElement (session=&quot;f94bb3dd-ce94-433d-8a0b-d8d8e9244c9a&quot;, element=&quot;ee7a636c-56eb-46d7-8d17-4b26435c9592&quot;)&gt;" type="foritem">
<kw name="Click Element" library="SeleniumLibrary">
<doc>Click element identified by ``locator``.</doc>
<arguments>
<arg>${index}</arg>
</arguments>
<msg timestamp="20181005 12:41:19.737" level="INFO">Clicking element '&lt;selenium.webdriver.firefox.webelement.FirefoxWebElement (session="f94bb3dd-ce94-433d-8a0b-d8d8e9244c9a", element="ee7a636c-56eb-46d7-8d17-4b26435c9592")&gt;'.</msg>
<status status="PASS" starttime="20181005 12:41:19.737" endtime="20181005 12:41:19.978"></status>
</kw>
<status status="PASS" starttime="20181005 12:41:19.736" endtime="20181005 12:41:19.978"></status>
</kw>
<kw name="${index} = &lt;selenium.webdriver.firefox.webelement.FirefoxWebElement (session=&quot;f94bb3dd-ce94-433d-8a0b-d8d8e9244c9a&quot;, element=&quot;7421ca31-edca-47de-bf5d-4e4d676c4168&quot;)&gt;" type="foritem">
<kw name="Click Element" library="SeleniumLibrary">
<doc>Click element identified by ``locator``.</doc>
<arguments>
<arg>${index}</arg>
</arguments>
<msg timestamp="20181005 12:41:19.979" level="INFO">Clicking element '&lt;selenium.webdriver.firefox.webelement.FirefoxWebElement (session="f94bb3dd-ce94-433d-8a0b-d8d8e9244c9a", element="7421ca31-edca-47de-bf5d-4e4d676c4168")&gt;'.</msg>
<status status="PASS" starttime="20181005 12:41:19.978" endtime="20181005 12:41:20.234"></status>
</kw>
<status status="PASS" starttime="20181005 12:41:19.978" endtime="20181005 12:41:20.234"></status>
</kw>
<kw name="${index} = &lt;selenium.webdriver.firefox.webelement.FirefoxWebElement (session=&quot;f94bb3dd-ce94-433d-8a0b-d8d8e9244c9a&quot;, element=&quot;2db98ab1-9714-492f-bca2-9b0404e9fed5&quot;)&gt;" type="foritem">
<kw name="Click Element" library="SeleniumLibrary">
<doc>Click element identified by ``locator``.</doc>
<arguments>
<arg>${index}</arg>
</arguments>
<msg timestamp="20181005 12:41:20.235" level="INFO">Clicking element '&lt;selenium.webdriver.firefox.webelement.FirefoxWebElement (session="f94bb3dd-ce94-433d-8a0b-d8d8e9244c9a", element="2db98ab1-9714-492f-bca2-9b0404e9fed5")&gt;'.</msg>
<status status="PASS" starttime="20181005 12:41:20.235" endtime="20181005 12:41:20.528"></status>
</kw>
<status status="PASS" starttime="20181005 12:41:20.234" endtime="20181005 12:41:20.528"></status>
</kw>
<kw name="${index} = &lt;selenium.webdriver.firefox.webelement.FirefoxWebElement (session=&quot;f94bb3dd-ce94-433d-8a0b-d8d8e9244c9a&quot;, element=&quot;62187ace-9752-4a39-9685-c51b373a1bb6&quot;)&gt;" type="foritem">
<kw name="Click Element" library="SeleniumLibrary">
<doc>Click element identified by ``locator``.</doc>
<arguments>
<arg>${index}</arg>
</arguments>
<msg timestamp="20181005 12:41:20.529" level="INFO">Clicking element '&lt;selenium.webdriver.firefox.webelement.FirefoxWebElement (session="f94bb3dd-ce94-433d-8a0b-d8d8e9244c9a", element="62187ace-9752-4a39-9685-c51b373a1bb6")&gt;'.</msg>
<status status="PASS" starttime="20181005 12:41:20.528" endtime="20181005 12:41:20.816"></status>
</kw>
<status status="PASS" starttime="20181005 12:41:20.528" endtime="20181005 12:41:20.816"></status>
</kw>
<kw name="${index} = &lt;selenium.webdriver.firefox.webelement.FirefoxWebElement (session=&quot;f94bb3dd-ce94-433d-8a0b-d8d8e9244c9a&quot;, element=&quot;841db859-d1b8-44c5-a47e-c76955179966&quot;)&gt;" type="foritem">
<kw name="Click Element" library="SeleniumLibrary">
<doc>Click element identified by ``locator``.</doc>
<arguments>
<arg>${index}</arg>
</arguments>
<msg timestamp="20181005 12:41:20.817" level="INFO">Clicking element '&lt;selenium.webdriver.firefox.webelement.FirefoxWebElement (session="f94bb3dd-ce94-433d-8a0b-d8d8e9244c9a", element="841db859-d1b8-44c5-a47e-c76955179966")&gt;'.</msg>
<status status="PASS" starttime="20181005 12:41:20.816" endtime="20181005 12:41:21.099"></status>
</kw>
<status status="PASS" starttime="20181005 12:41:20.816" endtime="20181005 12:41:21.099"></status>
</kw>
<kw name="${index} = &lt;selenium.webdriver.firefox.webelement.FirefoxWebElement (session=&quot;f94bb3dd-ce94-433d-8a0b-d8d8e9244c9a&quot;, element=&quot;c6b3dbc4-fb8d-42c0-aac8-9c171402e9ff&quot;)&gt;" type="foritem">
<kw name="Click Element" library="SeleniumLibrary">
<doc>Click element identified by ``locator``.</doc>
<arguments>
<arg>${index}</arg>
</arguments>
<msg timestamp="20181005 12:41:21.100" level="INFO">Clicking element '&lt;selenium.webdriver.firefox.webelement.FirefoxWebElement (session="f94bb3dd-ce94-433d-8a0b-d8d8e9244c9a", element="c6b3dbc4-fb8d-42c0-aac8-9c171402e9ff")&gt;'.</msg>
<status status="PASS" starttime="20181005 12:41:21.099" endtime="20181005 12:41:21.393"></status>
</kw>
<status status="PASS" starttime="20181005 12:41:21.099" endtime="20181005 12:41:21.394"></status>
</kw>
<kw name="${index} = &lt;selenium.webdriver.firefox.webelement.FirefoxWebElement (session=&quot;f94bb3dd-ce94-433d-8a0b-d8d8e9244c9a&quot;, element=&quot;82e7b2fd-0d73-4b6f-81fd-944329bee26f&quot;)&gt;" type="foritem">
<kw name="Click Element" library="SeleniumLibrary">
<doc>Click element identified by ``locator``.</doc>
<arguments>
<arg>${index}</arg>
</arguments>
<msg timestamp="20181005 12:41:21.394" level="INFO">Clicking element '&lt;selenium.webdriver.firefox.webelement.FirefoxWebElement (session="f94bb3dd-ce94-433d-8a0b-d8d8e9244c9a", element="82e7b2fd-0d73-4b6f-81fd-944329bee26f")&gt;'.</msg>
<status status="PASS" starttime="20181005 12:41:21.394" endtime="20181005 12:41:21.679"></status>
</kw>
<status status="PASS" starttime="20181005 12:41:21.394" endtime="20181005 12:41:21.679"></status>
</kw>
<kw name="${index} = &lt;selenium.webdriver.firefox.webelement.FirefoxWebElement (session=&quot;f94bb3dd-ce94-433d-8a0b-d8d8e9244c9a&quot;, element=&quot;acecff53-4346-4015-a198-039f4fc4734e&quot;)&gt;" type="foritem">
<kw name="Click Element" library="SeleniumLibrary">
<doc>Click element identified by ``locator``.</doc>
<arguments>
<arg>${index}</arg>
</arguments>
<msg timestamp="20181005 12:41:21.680" level="INFO">Clicking element '&lt;selenium.webdriver.firefox.webelement.FirefoxWebElement (session="f94bb3dd-ce94-433d-8a0b-d8d8e9244c9a", element="acecff53-4346-4015-a198-039f4fc4734e")&gt;'.</msg>
<status status="PASS" starttime="20181005 12:41:21.679" endtime="20181005 12:41:21.943"></status>
</kw>
<status status="PASS" starttime="20181005 12:41:21.679" endtime="20181005 12:41:21.943"></status>
</kw>
<kw name="${index} = &lt;selenium.webdriver.firefox.webelement.FirefoxWebElement (session=&quot;f94bb3dd-ce94-433d-8a0b-d8d8e9244c9a&quot;, element=&quot;83554243-0fab-4bdf-a50b-d4eedf93b31b&quot;)&gt;" type="foritem">
<kw name="Click Element" library="SeleniumLibrary">
<doc>Click element identified by ``locator``.</doc>
<arguments>
<arg>${index}</arg>
</arguments>
<msg timestamp="20181005 12:41:21.944" level="INFO">Clicking element '&lt;selenium.webdriver.firefox.webelement.FirefoxWebElement (session="f94bb3dd-ce94-433d-8a0b-d8d8e9244c9a", element="83554243-0fab-4bdf-a50b-d4eedf93b31b")&gt;'.</msg>
<status status="PASS" starttime="20181005 12:41:21.943" endtime="20181005 12:41:22.213"></status>
</kw>
<status status="PASS" starttime="20181005 12:41:21.943" endtime="20181005 12:41:22.213"></status>
</kw>
<kw name="${index} = &lt;selenium.webdriver.firefox.webelement.FirefoxWebElement (session=&quot;f94bb3dd-ce94-433d-8a0b-d8d8e9244c9a&quot;, element=&quot;e2bb2df6-bf08-4349-9edd-d6ef0371ace1&quot;)&gt;" type="foritem">
<kw name="Click Element" library="SeleniumLibrary">
<doc>Click element identified by ``locator``.</doc>
<arguments>
<arg>${index}</arg>
</arguments>
<msg timestamp="20181005 12:41:22.214" level="INFO">Clicking element '&lt;selenium.webdriver.firefox.webelement.FirefoxWebElement (session="f94bb3dd-ce94-433d-8a0b-d8d8e9244c9a", element="e2bb2df6-bf08-4349-9edd-d6ef0371ace1")&gt;'.</msg>
<status status="PASS" starttime="20181005 12:41:22.213" endtime="20181005 12:41:22.468"></status>
</kw>
<status status="PASS" starttime="20181005 12:41:22.213" endtime="20181005 12:41:22.468"></status>
</kw>
<kw name="${index} = &lt;selenium.webdriver.firefox.webelement.FirefoxWebElement (session=&quot;f94bb3dd-ce94-433d-8a0b-d8d8e9244c9a&quot;, element=&quot;a75347cc-2d4a-45ca-bbb2-265b2ff07c68&quot;)&gt;" type="foritem">
<kw name="Click Element" library="SeleniumLibrary">
<doc>Click element identified by ``locator``.</doc>
<arguments>
<arg>${index}</arg>
</arguments>
<msg timestamp="20181005 12:41:22.469" level="INFO">Clicking element '&lt;selenium.webdriver.firefox.webelement.FirefoxWebElement (session="f94bb3dd-ce94-433d-8a0b-d8d8e9244c9a", element="a75347cc-2d4a-45ca-bbb2-265b2ff07c68")&gt;'.</msg>
<status status="PASS" starttime="20181005 12:41:22.468" endtime="20181005 12:41:22.743"></status>
</kw>
<status status="PASS" starttime="20181005 12:41:22.468" endtime="20181005 12:41:22.743"></status>
</kw>
<kw name="${index} = &lt;selenium.webdriver.firefox.webelement.FirefoxWebElement (session=&quot;f94bb3dd-ce94-433d-8a0b-d8d8e9244c9a&quot;, element=&quot;6bb416a9-e7fb-4846-b668-6b2d77f04b0d&quot;)&gt;" type="foritem">
<kw name="Click Element" library="SeleniumLibrary">
<doc>Click element identified by ``locator``.</doc>
<arguments>
<arg>${index}</arg>
</arguments>
<msg timestamp="20181005 12:41:22.744" level="INFO">Clicking element '&lt;selenium.webdriver.firefox.webelement.FirefoxWebElement (session="f94bb3dd-ce94-433d-8a0b-d8d8e9244c9a", element="6bb416a9-e7fb-4846-b668-6b2d77f04b0d")&gt;'.</msg>
<status status="PASS" starttime="20181005 12:41:22.744" endtime="20181005 12:41:23.013"></status>
</kw>
<status status="PASS" starttime="20181005 12:41:22.744" endtime="20181005 12:41:23.013"></status>
</kw>
<kw name="${index} = &lt;selenium.webdriver.firefox.webelement.FirefoxWebElement (session=&quot;f94bb3dd-ce94-433d-8a0b-d8d8e9244c9a&quot;, element=&quot;14218247-d6b9-4540-90c9-25c7b2b4d25f&quot;)&gt;" type="foritem">
<kw name="Click Element" library="SeleniumLibrary">
<doc>Click element identified by ``locator``.</doc>
<arguments>
<arg>${index}</arg>
</arguments>
<msg timestamp="20181005 12:41:23.014" level="INFO">Clicking element '&lt;selenium.webdriver.firefox.webelement.FirefoxWebElement (session="f94bb3dd-ce94-433d-8a0b-d8d8e9244c9a", element="14218247-d6b9-4540-90c9-25c7b2b4d25f")&gt;'.</msg>
<status status="PASS" starttime="20181005 12:41:23.014" endtime="20181005 12:41:23.260"></status>
</kw>
<status status="PASS" starttime="20181005 12:41:23.013" endtime="20181005 12:41:23.260"></status>
</kw>
<kw name="${index} = &lt;selenium.webdriver.firefox.webelement.FirefoxWebElement (session=&quot;f94bb3dd-ce94-433d-8a0b-d8d8e9244c9a&quot;, element=&quot;a15bd535-c451-43ff-8909-aca91c578181&quot;)&gt;" type="foritem">
<kw name="Click Element" library="SeleniumLibrary">
<doc>Click element identified by ``locator``.</doc>
<arguments>
<arg>${index}</arg>
</arguments>
<msg timestamp="20181005 12:41:23.261" level="INFO">Clicking element '&lt;selenium.webdriver.firefox.webelement.FirefoxWebElement (session="f94bb3dd-ce94-433d-8a0b-d8d8e9244c9a", element="a15bd535-c451-43ff-8909-aca91c578181")&gt;'.</msg>
<status status="PASS" starttime="20181005 12:41:23.261" endtime="20181005 12:41:23.528"></status>
</kw>
<status status="PASS" starttime="20181005 12:41:23.260" endtime="20181005 12:41:23.528"></status>
</kw>
<kw name="${index} = &lt;selenium.webdriver.firefox.webelement.FirefoxWebElement (session=&quot;f94bb3dd-ce94-433d-8a0b-d8d8e9244c9a&quot;, element=&quot;c855071f-081b-4dc7-bfb4-00d38eb9afc9&quot;)&gt;" type="foritem">
<kw name="Click Element" library="SeleniumLibrary">
<doc>Click element identified by ``locator``.</doc>
<arguments>
<arg>${index}</arg>
</arguments>
<msg timestamp="20181005 12:41:23.529" level="INFO">Clicking element '&lt;selenium.webdriver.firefox.webelement.FirefoxWebElement (session="f94bb3dd-ce94-433d-8a0b-d8d8e9244c9a", element="c855071f-081b-4dc7-bfb4-00d38eb9afc9")&gt;'.</msg>
<status status="PASS" starttime="20181005 12:41:23.528" endtime="20181005 12:41:23.784"></status>
</kw>
<status status="PASS" starttime="20181005 12:41:23.528" endtime="20181005 12:41:23.784"></status>
</kw>
<kw name="${index} = &lt;selenium.webdriver.firefox.webelement.FirefoxWebElement (session=&quot;f94bb3dd-ce94-433d-8a0b-d8d8e9244c9a&quot;, element=&quot;3a141d2d-0791-47b6-acdc-75e36e1a6d2b&quot;)&gt;" type="foritem">
<kw name="Click Element" library="SeleniumLibrary">
<doc>Click element identified by ``locator``.</doc>
<arguments>
<arg>${index}</arg>
</arguments>
<msg timestamp="20181005 12:41:23.785" level="INFO">Clicking element '&lt;selenium.webdriver.firefox.webelement.FirefoxWebElement (session="f94bb3dd-ce94-433d-8a0b-d8d8e9244c9a", element="3a141d2d-0791-47b6-acdc-75e36e1a6d2b")&gt;'.</msg>
<status status="PASS" starttime="20181005 12:41:23.784" endtime="20181005 12:41:24.077"></status>
</kw>
<status status="PASS" starttime="20181005 12:41:23.784" endtime="20181005 12:41:24.077"></status>
</kw>
<kw name="${index} = &lt;selenium.webdriver.firefox.webelement.FirefoxWebElement (session=&quot;f94bb3dd-ce94-433d-8a0b-d8d8e9244c9a&quot;, element=&quot;9c273994-9881-4e6b-a708-e2aacaa89923&quot;)&gt;" type="foritem">
<kw name="Click Element" library="SeleniumLibrary">
<doc>Click element identified by ``locator``.</doc>
<arguments>
<arg>${index}</arg>
</arguments>
<msg timestamp="20181005 12:41:24.078" level="INFO">Clicking element '&lt;selenium.webdriver.firefox.webelement.FirefoxWebElement (session="f94bb3dd-ce94-433d-8a0b-d8d8e9244c9a", element="9c273994-9881-4e6b-a708-e2aacaa89923")&gt;'.</msg>
<status status="PASS" starttime="20181005 12:41:24.077" endtime="20181005 12:41:24.344"></status>
</kw>
<status status="PASS" starttime="20181005 12:41:24.077" endtime="20181005 12:41:24.344"></status>
</kw>
<kw name="${index} = &lt;selenium.webdriver.firefox.webelement.FirefoxWebElement (session=&quot;f94bb3dd-ce94-433d-8a0b-d8d8e9244c9a&quot;, element=&quot;cc633de7-ce3d-4bf5-815b-1b4bcfb81e24&quot;)&gt;" type="foritem">
<kw name="Click Element" library="SeleniumLibrary">
<doc>Click element identified by ``locator``.</doc>
<arguments>
<arg>${index}</arg>
</arguments>
<msg timestamp="20181005 12:41:24.345" level="INFO">Clicking element '&lt;selenium.webdriver.firefox.webelement.FirefoxWebElement (session="f94bb3dd-ce94-433d-8a0b-d8d8e9244c9a", element="cc633de7-ce3d-4bf5-815b-1b4bcfb81e24")&gt;'.</msg>
<status status="PASS" starttime="20181005 12:41:24.344" endtime="20181005 12:41:24.603"></status>
</kw>
<status status="PASS" starttime="20181005 12:41:24.344" endtime="20181005 12:41:24.603"></status>
</kw>
<kw name="${index} = &lt;selenium.webdriver.firefox.webelement.FirefoxWebElement (session=&quot;f94bb3dd-ce94-433d-8a0b-d8d8e9244c9a&quot;, element=&quot;591705b4-4c38-4730-bcfd-db957e31e772&quot;)&gt;" type="foritem">
<kw name="Click Element" library="SeleniumLibrary">
<doc>Click element identified by ``locator``.</doc>
<arguments>
<arg>${index}</arg>
</arguments>
<msg timestamp="20181005 12:41:24.604" level="INFO">Clicking element '&lt;selenium.webdriver.firefox.webelement.FirefoxWebElement (session="f94bb3dd-ce94-433d-8a0b-d8d8e9244c9a", element="591705b4-4c38-4730-bcfd-db957e31e772")&gt;'.</msg>
<status status="PASS" starttime="20181005 12:41:24.604" endtime="20181005 12:41:24.866"></status>
</kw>
<status status="PASS" starttime="20181005 12:41:24.603" endtime="20181005 12:41:24.866"></status>
</kw>
<kw name="${index} = &lt;selenium.webdriver.firefox.webelement.FirefoxWebElement (session=&quot;f94bb3dd-ce94-433d-8a0b-d8d8e9244c9a&quot;, element=&quot;72770660-355b-4297-9bee-dfd5167d46c6&quot;)&gt;" type="foritem">
<kw name="Click Element" library="SeleniumLibrary">
<doc>Click element identified by ``locator``.</doc>
<arguments>
<arg>${index}</arg>
</arguments>
<msg timestamp="20181005 12:41:24.866" level="INFO">Clicking element '&lt;selenium.webdriver.firefox.webelement.FirefoxWebElement (session="f94bb3dd-ce94-433d-8a0b-d8d8e9244c9a", element="72770660-355b-4297-9bee-dfd5167d46c6")&gt;'.</msg>
<status status="PASS" starttime="20181005 12:41:24.866" endtime="20181005 12:41:25.147"></status>
</kw>
<status status="PASS" starttime="20181005 12:41:24.866" endtime="20181005 12:41:25.147"></status>
</kw>
<kw name="${index} = &lt;selenium.webdriver.firefox.webelement.FirefoxWebElement (session=&quot;f94bb3dd-ce94-433d-8a0b-d8d8e9244c9a&quot;, element=&quot;1221e8e7-744d-4f73-98cd-2b9a15642c58&quot;)&gt;" type="foritem">
<kw name="Click Element" library="SeleniumLibrary">
<doc>Click element identified by ``locator``.</doc>
<arguments>
<arg>${index}</arg>
</arguments>
<msg timestamp="20181005 12:41:25.148" level="INFO">Clicking element '&lt;selenium.webdriver.firefox.webelement.FirefoxWebElement (session="f94bb3dd-ce94-433d-8a0b-d8d8e9244c9a", element="1221e8e7-744d-4f73-98cd-2b9a15642c58")&gt;'.</msg>
<status status="PASS" starttime="20181005 12:41:25.148" endtime="20181005 12:41:25.444"></status>
</kw>
<status status="PASS" starttime="20181005 12:41:25.147" endtime="20181005 12:41:25.444"></status>
</kw>
<kw name="${index} = &lt;selenium.webdriver.firefox.webelement.FirefoxWebElement (session=&quot;f94bb3dd-ce94-433d-8a0b-d8d8e9244c9a&quot;, element=&quot;f59575ca-3069-472a-bbd4-452b8efffdf1&quot;)&gt;" type="foritem">
<kw name="Click Element" library="SeleniumLibrary">
<doc>Click element identified by ``locator``.</doc>
<arguments>
<arg>${index}</arg>
</arguments>
<msg timestamp="20181005 12:41:25.446" level="INFO">Clicking element '&lt;selenium.webdriver.firefox.webelement.FirefoxWebElement (session="f94bb3dd-ce94-433d-8a0b-d8d8e9244c9a", element="f59575ca-3069-472a-bbd4-452b8efffdf1")&gt;'.</msg>
<status status="PASS" starttime="20181005 12:41:25.445" endtime="20181005 12:41:25.737"></status>
</kw>
<status status="PASS" starttime="20181005 12:41:25.444" endtime="20181005 12:41:25.737"></status>
</kw>
<kw name="${index} = &lt;selenium.webdriver.firefox.webelement.FirefoxWebElement (session=&quot;f94bb3dd-ce94-433d-8a0b-d8d8e9244c9a&quot;, element=&quot;63cc7283-a3a9-4d64-b811-4e27a4c20499&quot;)&gt;" type="foritem">
<kw name="Click Element" library="SeleniumLibrary">
<doc>Click element identified by ``locator``.</doc>
<arguments>
<arg>${index}</arg>
</arguments>
<msg timestamp="20181005 12:41:25.738" level="INFO">Clicking element '&lt;selenium.webdriver.firefox.webelement.FirefoxWebElement (session="f94bb3dd-ce94-433d-8a0b-d8d8e9244c9a", element="63cc7283-a3a9-4d64-b811-4e27a4c20499")&gt;'.</msg>
<status status="PASS" starttime="20181005 12:41:25.738" endtime="20181005 12:41:25.969"></status>
</kw>
<status status="PASS" starttime="20181005 12:41:25.738" endtime="20181005 12:41:25.969"></status>
</kw>
<kw name="${index} = &lt;selenium.webdriver.firefox.webelement.FirefoxWebElement (session=&quot;f94bb3dd-ce94-433d-8a0b-d8d8e9244c9a&quot;, element=&quot;4609694d-796f-4d45-b4b1-0e3039ed3554&quot;)&gt;" type="foritem">
<kw name="Click Element" library="SeleniumLibrary">
<doc>Click element identified by ``locator``.</doc>
<arguments>
<arg>${index}</arg>
</arguments>
<msg timestamp="20181005 12:41:25.970" level="INFO">Clicking element '&lt;selenium.webdriver.firefox.webelement.FirefoxWebElement (session="f94bb3dd-ce94-433d-8a0b-d8d8e9244c9a", element="4609694d-796f-4d45-b4b1-0e3039ed3554")&gt;'.</msg>
<status status="PASS" starttime="20181005 12:41:25.969" endtime="20181005 12:41:26.202"></status>
</kw>
<status status="PASS" starttime="20181005 12:41:25.969" endtime="20181005 12:41:26.202"></status>
</kw>
<kw name="${index} = &lt;selenium.webdriver.firefox.webelement.FirefoxWebElement (session=&quot;f94bb3dd-ce94-433d-8a0b-d8d8e9244c9a&quot;, element=&quot;034ee8fb-9f79-4d98-a60b-003fd25c9905&quot;)&gt;" type="foritem">
<kw name="Click Element" library="SeleniumLibrary">
<doc>Click element identified by ``locator``.</doc>
<arguments>
<arg>${index}</arg>
</arguments>
<msg timestamp="20181005 12:41:26.204" level="INFO">Clicking element '&lt;selenium.webdriver.firefox.webelement.FirefoxWebElement (session="f94bb3dd-ce94-433d-8a0b-d8d8e9244c9a", element="034ee8fb-9f79-4d98-a60b-003fd25c9905")&gt;'.</msg>
<status status="PASS" starttime="20181005 12:41:26.203" endtime="20181005 12:41:26.460"></status>
</kw>
<status status="PASS" starttime="20181005 12:41:26.203" endtime="20181005 12:41:26.460"></status>
</kw>
<kw name="${index} = &lt;selenium.webdriver.firefox.webelement.FirefoxWebElement (session=&quot;f94bb3dd-ce94-433d-8a0b-d8d8e9244c9a&quot;, element=&quot;9e5524bc-2b92-48c4-882a-c3952609dcf2&quot;)&gt;" type="foritem">
<kw name="Click Element" library="SeleniumLibrary">
<doc>Click element identified by ``locator``.</doc>
<arguments>
<arg>${index}</arg>
</arguments>
<msg timestamp="20181005 12:41:26.460" level="INFO">Clicking element '&lt;selenium.webdriver.firefox.webelement.FirefoxWebElement (session="f94bb3dd-ce94-433d-8a0b-d8d8e9244c9a", element="9e5524bc-2b92-48c4-882a-c3952609dcf2")&gt;'.</msg>
<status status="PASS" starttime="20181005 12:41:26.460" endtime="20181005 12:41:26.717"></status>
</kw>
<status status="PASS" starttime="20181005 12:41:26.460" endtime="20181005 12:41:26.717"></status>
</kw>
<kw name="${index} = &lt;selenium.webdriver.firefox.webelement.FirefoxWebElement (session=&quot;f94bb3dd-ce94-433d-8a0b-d8d8e9244c9a&quot;, element=&quot;670a5968-425b-4186-9179-6ff9d188b17d&quot;)&gt;" type="foritem">
<kw name="Click Element" library="SeleniumLibrary">
<doc>Click element identified by ``locator``.</doc>
<arguments>
<arg>${index}</arg>
</arguments>
<msg timestamp="20181005 12:41:26.719" level="INFO">Clicking element '&lt;selenium.webdriver.firefox.webelement.FirefoxWebElement (session="f94bb3dd-ce94-433d-8a0b-d8d8e9244c9a", element="670a5968-425b-4186-9179-6ff9d188b17d")&gt;'.</msg>
<status status="PASS" starttime="20181005 12:41:26.718" endtime="20181005 12:41:26.988"></status>
</kw>
<status status="PASS" starttime="20181005 12:41:26.718" endtime="20181005 12:41:26.988"></status>
</kw>
<kw name="${index} = &lt;selenium.webdriver.firefox.webelement.FirefoxWebElement (session=&quot;f94bb3dd-ce94-433d-8a0b-d8d8e9244c9a&quot;, element=&quot;deb9e8bd-8f90-4151-b8b8-85aece5a7a85&quot;)&gt;" type="foritem">
<kw name="Click Element" library="SeleniumLibrary">
<doc>Click element identified by ``locator``.</doc>
<arguments>
<arg>${index}</arg>
</arguments>
<msg timestamp="20181005 12:41:26.989" level="INFO">Clicking element '&lt;selenium.webdriver.firefox.webelement.FirefoxWebElement (session="f94bb3dd-ce94-433d-8a0b-d8d8e9244c9a", element="deb9e8bd-8f90-4151-b8b8-85aece5a7a85")&gt;'.</msg>
<status status="PASS" starttime="20181005 12:41:26.988" endtime="20181005 12:41:27.245"></status>
</kw>
<status status="PASS" starttime="20181005 12:41:26.988" endtime="20181005 12:41:27.245"></status>
</kw>
<kw name="${index} = &lt;selenium.webdriver.firefox.webelement.FirefoxWebElement (session=&quot;f94bb3dd-ce94-433d-8a0b-d8d8e9244c9a&quot;, element=&quot;86e54700-dc16-4592-8149-6c3a8578dc3b&quot;)&gt;" type="foritem">
<kw name="Click Element" library="SeleniumLibrary">
<doc>Click element identified by ``locator``.</doc>
<arguments>
<arg>${index}</arg>
</arguments>
<msg timestamp="20181005 12:41:27.246" level="INFO">Clicking element '&lt;selenium.webdriver.firefox.webelement.FirefoxWebElement (session="f94bb3dd-ce94-433d-8a0b-d8d8e9244c9a", element="86e54700-dc16-4592-8149-6c3a8578dc3b")&gt;'.</msg>
<status status="PASS" starttime="20181005 12:41:27.245" endtime="20181005 12:41:27.503"></status>
</kw>
<status status="PASS" starttime="20181005 12:41:27.245" endtime="20181005 12:41:27.504"></status>
</kw>
<kw name="${index} = &lt;selenium.webdriver.firefox.webelement.FirefoxWebElement (session=&quot;f94bb3dd-ce94-433d-8a0b-d8d8e9244c9a&quot;, element=&quot;a56044f2-49d0-4c87-8b3f-24d73763c952&quot;)&gt;" type="foritem">
<kw name="Click Element" library="SeleniumLibrary">
<doc>Click element identified by ``locator``.</doc>
<arguments>
<arg>${index}</arg>
</arguments>
<msg timestamp="20181005 12:41:27.505" level="INFO">Clicking element '&lt;selenium.webdriver.firefox.webelement.FirefoxWebElement (session="f94bb3dd-ce94-433d-8a0b-d8d8e9244c9a", element="a56044f2-49d0-4c87-8b3f-24d73763c952")&gt;'.</msg>
<status status="PASS" starttime="20181005 12:41:27.504" endtime="20181005 12:41:27.760"></status>
</kw>
<status status="PASS" starttime="20181005 12:41:27.504" endtime="20181005 12:41:27.760"></status>
</kw>
<kw name="${index} = &lt;selenium.webdriver.firefox.webelement.FirefoxWebElement (session=&quot;f94bb3dd-ce94-433d-8a0b-d8d8e9244c9a&quot;, element=&quot;caeacb02-9f08-4e27-82bb-5ced339378a3&quot;)&gt;" type="foritem">
<kw name="Click Element" library="SeleniumLibrary">
<doc>Click element identified by ``locator``.</doc>
<arguments>
<arg>${index}</arg>
</arguments>
<msg timestamp="20181005 12:41:27.761" level="INFO">Clicking element '&lt;selenium.webdriver.firefox.webelement.FirefoxWebElement (session="f94bb3dd-ce94-433d-8a0b-d8d8e9244c9a", element="caeacb02-9f08-4e27-82bb-5ced339378a3")&gt;'.</msg>
<status status="PASS" starttime="20181005 12:41:27.761" endtime="20181005 12:41:28.015"></status>
</kw>
<status status="PASS" starttime="20181005 12:41:27.761" endtime="20181005 12:41:28.015"></status>
</kw>
<status status="PASS" starttime="20181005 12:41:14.696" endtime="20181005 12:41:28.015"></status>
</kw>
<status status="PASS" starttime="20181005 12:41:14.695" endtime="20181005 12:41:28.016"></status>
</kw>
<status status="PASS" starttime="20181005 12:41:14.650" endtime="20181005 12:41:28.016"></status>
</kw>
<kw name="Go Back" library="SeleniumLibrary">
<doc>Simulates the user clicking the back button on their browser.</doc>
<status status="PASS" starttime="20181005 12:41:28.016" endtime="20181005 12:41:32.509"></status>
</kw>
<status status="PASS" starttime="20181005 12:41:01.602" endtime="20181005 12:41:32.510"></status>
</kw>
<kw name="${index} = 1" type="foritem">
<kw name="Find Links" library="Go_Into_Jedynkas">
<assign>
<var>@{Links}</var>
</assign>
<kw name="Get WebElements" library="SeleniumLibrary">
<doc>Returns list of WebElement objects matching the ``locator``.</doc>
<arguments>
<arg>${Jedynka Partial xPath}</arg>
</arguments>
<assign>
<var>@{Elements Links}</var>
</assign>
<msg timestamp="20181005 12:41:32.737" level="INFO">@{Elements Links} = [ &lt;selenium.webdriver.firefox.webelement.FirefoxWebElement (session="f94bb3dd-ce94-433d-8a0b-d8d8e9244c9a", element="a675b808-9aee-4448-9522-ca44a3186fec")&gt; | &lt;selenium.webdriver.firefox.webelement.Fi...</msg>
<status status="PASS" starttime="20181005 12:41:32.512" endtime="20181005 12:41:32.737"></status>
</kw>
<msg timestamp="20181005 12:41:32.738" level="INFO">@{Links} = [ &lt;selenium.webdriver.firefox.webelement.FirefoxWebElement (session="f94bb3dd-ce94-433d-8a0b-d8d8e9244c9a", element="a675b808-9aee-4448-9522-ca44a3186fec")&gt; | &lt;selenium.webdriver.firefox.webelement.Fi...</msg>
<status status="PASS" starttime="20181005 12:41:32.511" endtime="20181005 12:41:32.738"></status>
</kw>
<kw name="Click Element" library="SeleniumLibrary">
<doc>Click element identified by ``locator``.</doc>
<arguments>
<arg>${Links[${index}]}</arg>
</arguments>
<msg timestamp="20181005 12:41:32.739" level="INFO">Clicking element '&lt;selenium.webdriver.firefox.webelement.FirefoxWebElement (session="f94bb3dd-ce94-433d-8a0b-d8d8e9244c9a", element="b2481c61-4c1e-4a96-888c-90bae7564ae8")&gt;'.</msg>
<status status="PASS" starttime="20181005 12:41:32.738" endtime="20181005 12:41:41.770"></status>
</kw>
<kw name="Expand All Comments" library="Downvote_Comments">
<kw name="${index} IN RANGE [ 0 | 999 ]" type="for">
<kw name="${index} = 0" type="foritem">
<kw name="Is Pokaz Wiecej Visible" library="Downvote_Comments">
<assign>
<var>${Is Pokaz Wiecej Visible}</var>
</assign>
<kw name="Get Element Count" library="SeleniumLibrary">
<doc>Returns number of elements matching ``locator``.</doc>
<arguments>
<arg>${Pokaz Wiecej Button xPath}</arg>
</arguments>
<assign>
<var>${Count Button}</var>
</assign>
<msg timestamp="20181005 12:41:41.882" level="INFO">${Count Button} = 1</msg>
<status status="PASS" starttime="20181005 12:41:41.772" endtime="20181005 12:41:41.882"></status>
</kw>
<kw name="Set Variable If" library="BuiltIn">
<doc>Sets variable based on the given condition.</doc>
<arguments>
<arg>${Count Button} == 1</arg>
<arg>True</arg>
<arg>False</arg>
</arguments>
<assign>
<var>${Status}</var>
</assign>
<msg timestamp="20181005 12:41:41.883" level="INFO">${Status} = True</msg>
<status status="PASS" starttime="20181005 12:41:41.882" endtime="20181005 12:41:41.883"></status>
</kw>
<msg timestamp="20181005 12:41:41.883" level="INFO">${Is Pokaz Wiecej Visible} = True</msg>
<status status="PASS" starttime="20181005 12:41:41.771" endtime="20181005 12:41:41.883"></status>
</kw>
<kw name="Exit For Loop If" library="BuiltIn">
<doc>Stops executing the enclosing for loop if the ``condition`` is true.</doc>
<arguments>
<arg>${Is Pokaz Wiecej Visible} == 0</arg>
</arguments>
<status status="PASS" starttime="20181005 12:41:41.884" endtime="20181005 12:41:41.884"></status>
</kw>
<kw name="Expand" library="Downvote_Comments">
<kw name="Click Button" library="SeleniumLibrary">
<doc>Clicks button identified by ``locator``.</doc>
<arguments>
<arg>${Pokaz Wiecej Button xPath}</arg>
</arguments>
<msg timestamp="20181005 12:41:41.885" level="INFO">Clicking button 'xpath=//input[@id='komentarze-wiecej']'.</msg>
<status status="PASS" starttime="20181005 12:41:41.885" endtime="20181005 12:41:43.109"></status>
</kw>
<status status="PASS" starttime="20181005 12:41:41.884" endtime="20181005 12:41:43.110"></status>
</kw>
<status status="PASS" starttime="20181005 12:41:41.771" endtime="20181005 12:41:43.110"></status>
</kw>
<kw name="${index} = 1" type="foritem">
<kw name="Is Pokaz Wiecej Visible" library="Downvote_Comments">
<assign>
<var>${Is Pokaz Wiecej Visible}</var>
</assign>
<kw name="Get Element Count" library="SeleniumLibrary">
<doc>Returns number of elements matching ``locator``.</doc>
<arguments>
<arg>${Pokaz Wiecej Button xPath}</arg>
</arguments>
<assign>
<var>${Count Button}</var>
</assign>
<msg timestamp="20181005 12:41:43.143" level="INFO">${Count Button} = 0</msg>
<status status="PASS" starttime="20181005 12:41:43.112" endtime="20181005 12:41:43.143"></status>
</kw>
<kw name="Set Variable If" library="BuiltIn">
<doc>Sets variable based on the given condition.</doc>
<arguments>
<arg>${Count Button} == 1</arg>
<arg>True</arg>
<arg>False</arg>
</arguments>
<assign>
<var>${Status}</var>
</assign>
<msg timestamp="20181005 12:41:43.144" level="INFO">${Status} = False</msg>
<status status="PASS" starttime="20181005 12:41:43.144" endtime="20181005 12:41:43.145"></status>
</kw>
<msg timestamp="20181005 12:41:43.145" level="INFO">${Is Pokaz Wiecej Visible} = False</msg>
<status status="PASS" starttime="20181005 12:41:43.111" endtime="20181005 12:41:43.145"></status>
</kw>
<kw name="Exit For Loop If" library="BuiltIn">
<doc>Stops executing the enclosing for loop if the ``condition`` is true.</doc>
<arguments>
<arg>${Is Pokaz Wiecej Visible} == 0</arg>
</arguments>
<msg timestamp="20181005 12:41:43.147" level="INFO">Exiting for loop altogether.</msg>
<status status="PASS" starttime="20181005 12:41:43.146" endtime="20181005 12:41:43.147"></status>
</kw>
<status status="PASS" starttime="20181005 12:41:43.110" endtime="20181005 12:41:43.147"></status>
</kw>
<status status="PASS" starttime="20181005 12:41:41.771" endtime="20181005 12:41:43.147"></status>
</kw>
<status status="PASS" starttime="20181005 12:41:41.770" endtime="20181005 12:41:43.148"></status>
</kw>
<kw name="Downvote All Comments" library="Downvote_Comments">
<kw name="Detect All Thumbs Down" library="Downvote_Comments">
<assign>
<var>@{Thumb Locators}</var>
</assign>
<kw name="Get WebElements" library="SeleniumLibrary">
<doc>Returns list of WebElement objects matching the ``locator``.</doc>
<arguments>
<arg>${Thumb Down Paetial Locator}</arg>
</arguments>
<assign>
<var>@{List of objects}</var>
</assign>
<msg timestamp="20181005 12:41:43.185" level="INFO">@{List of objects} = [ &lt;selenium.webdriver.firefox.webelement.FirefoxWebElement (session="f94bb3dd-ce94-433d-8a0b-d8d8e9244c9a", element="c8ca1a06-e00a-41bb-ba1e-a8f5acdca3f2")&gt; | &lt;selenium.webdriver.firefox.webelement.Fi...</msg>
<status status="PASS" starttime="20181005 12:41:43.149" endtime="20181005 12:41:43.185"></status>
</kw>
<msg timestamp="20181005 12:41:43.186" level="INFO">@{Thumb Locators} = [ &lt;selenium.webdriver.firefox.webelement.FirefoxWebElement (session="f94bb3dd-ce94-433d-8a0b-d8d8e9244c9a", element="c8ca1a06-e00a-41bb-ba1e-a8f5acdca3f2")&gt; | &lt;selenium.webdriver.firefox.webelement.Fi...</msg>
<status status="PASS" starttime="20181005 12:41:43.149" endtime="20181005 12:41:43.186"></status>
</kw>
<kw name="Click Downvote For All Comments" library="Downvote_Comments">
<arguments>
<arg>@{Thumb Locators}</arg>
</arguments>
<kw name="${index} IN [ @{Object List} ]" type="for">
<kw name="${index} = &lt;selenium.webdriver.firefox.webelement.FirefoxWebElement (session=&quot;f94bb3dd-ce94-433d-8a0b-d8d8e9244c9a&quot;, element=&quot;c8ca1a06-e00a-41bb-ba1e-a8f5acdca3f2&quot;)&gt;" type="foritem">
<kw name="Click Element" library="SeleniumLibrary">
<doc>Click element identified by ``locator``.</doc>
<arguments>
<arg>${index}</arg>
</arguments>
<msg timestamp="20181005 12:41:43.188" level="INFO">Clicking element '&lt;selenium.webdriver.firefox.webelement.FirefoxWebElement (session="f94bb3dd-ce94-433d-8a0b-d8d8e9244c9a", element="c8ca1a06-e00a-41bb-ba1e-a8f5acdca3f2")&gt;'.</msg>
<status status="PASS" starttime="20181005 12:41:43.188" endtime="20181005 12:41:43.528"></status>
</kw>
<status status="PASS" starttime="20181005 12:41:43.187" endtime="20181005 12:41:43.528"></status>
</kw>
<kw name="${index} = &lt;selenium.webdriver.firefox.webelement.FirefoxWebElement (session=&quot;f94bb3dd-ce94-433d-8a0b-d8d8e9244c9a&quot;, element=&quot;6d25e2d4-8401-495c-8eaa-d1d489ad44d2&quot;)&gt;" type="foritem">
<kw name="Click Element" library="SeleniumLibrary">
<doc>Click element identified by ``locator``.</doc>
<arguments>
<arg>${index}</arg>
</arguments>
<msg timestamp="20181005 12:41:43.529" level="INFO">Clicking element '&lt;selenium.webdriver.firefox.webelement.FirefoxWebElement (session="f94bb3dd-ce94-433d-8a0b-d8d8e9244c9a", element="6d25e2d4-8401-495c-8eaa-d1d489ad44d2")&gt;'.</msg>
<status status="PASS" starttime="20181005 12:41:43.528" endtime="20181005 12:41:43.830"></status>
</kw>
<status status="PASS" starttime="20181005 12:41:43.528" endtime="20181005 12:41:43.830"></status>
</kw>
<kw name="${index} = &lt;selenium.webdriver.firefox.webelement.FirefoxWebElement (session=&quot;f94bb3dd-ce94-433d-8a0b-d8d8e9244c9a&quot;, element=&quot;a5ed74f8-e053-4c36-b8cd-dafbd54d9985&quot;)&gt;" type="foritem">
<kw name="Click Element" library="SeleniumLibrary">
<doc>Click element identified by ``locator``.</doc>
<arguments>
<arg>${index}</arg>
</arguments>
<msg timestamp="20181005 12:41:43.832" level="INFO">Clicking element '&lt;selenium.webdriver.firefox.webelement.FirefoxWebElement (session="f94bb3dd-ce94-433d-8a0b-d8d8e9244c9a", element="a5ed74f8-e053-4c36-b8cd-dafbd54d9985")&gt;'.</msg>
<status status="PASS" starttime="20181005 12:41:43.831" endtime="20181005 12:41:44.166"></status>
</kw>
<status status="PASS" starttime="20181005 12:41:43.831" endtime="20181005 12:41:44.166"></status>
</kw>
<kw name="${index} = &lt;selenium.webdriver.firefox.webelement.FirefoxWebElement (session=&quot;f94bb3dd-ce94-433d-8a0b-d8d8e9244c9a&quot;, element=&quot;2bab99d1-d9bb-4d34-b855-ab1009550706&quot;)&gt;" type="foritem">
<kw name="Click Element" library="SeleniumLibrary">
<doc>Click element identified by ``locator``.</doc>
<arguments>
<arg>${index}</arg>
</arguments>
<msg timestamp="20181005 12:41:44.168" level="INFO">Clicking element '&lt;selenium.webdriver.firefox.webelement.FirefoxWebElement (session="f94bb3dd-ce94-433d-8a0b-d8d8e9244c9a", element="2bab99d1-d9bb-4d34-b855-ab1009550706")&gt;'.</msg>
<status status="PASS" starttime="20181005 12:41:44.167" endtime="20181005 12:41:44.485"></status>
</kw>
<status status="PASS" starttime="20181005 12:41:44.166" endtime="20181005 12:41:44.485"></status>
</kw>
<kw name="${index} = &lt;selenium.webdriver.firefox.webelement.FirefoxWebElement (session=&quot;f94bb3dd-ce94-433d-8a0b-d8d8e9244c9a&quot;, element=&quot;c3dc11ac-d9c9-4d1a-88e2-7bb1b933b58f&quot;)&gt;" type="foritem">
<kw name="Click Element" library="SeleniumLibrary">
<doc>Click element identified by ``locator``.</doc>
<arguments>
<arg>${index}</arg>
</arguments>
<msg timestamp="20181005 12:41:44.487" level="INFO">Clicking element '&lt;selenium.webdriver.firefox.webelement.FirefoxWebElement (session="f94bb3dd-ce94-433d-8a0b-d8d8e9244c9a", element="c3dc11ac-d9c9-4d1a-88e2-7bb1b933b58f")&gt;'.</msg>
<status status="PASS" starttime="20181005 12:41:44.486" endtime="20181005 12:41:44.763"></status>
</kw>
<status status="PASS" starttime="20181005 12:41:44.486" endtime="20181005 12:41:44.763"></status>
</kw>
<kw name="${index} = &lt;selenium.webdriver.firefox.webelement.FirefoxWebElement (session=&quot;f94bb3dd-ce94-433d-8a0b-d8d8e9244c9a&quot;, element=&quot;d69ada82-15fb-4524-8b1e-7927277cb291&quot;)&gt;" type="foritem">
<kw name="Click Element" library="SeleniumLibrary">
<doc>Click element identified by ``locator``.</doc>
<arguments>
<arg>${index}</arg>
</arguments>
<msg timestamp="20181005 12:41:44.765" level="INFO">Clicking element '&lt;selenium.webdriver.firefox.webelement.FirefoxWebElement (session="f94bb3dd-ce94-433d-8a0b-d8d8e9244c9a", element="d69ada82-15fb-4524-8b1e-7927277cb291")&gt;'.</msg>
<status status="PASS" starttime="20181005 12:41:44.764" endtime="20181005 12:41:45.022"></status>
</kw>
<status status="PASS" starttime="20181005 12:41:44.763" endtime="20181005 12:41:45.022"></status>
</kw>
<kw name="${index} = &lt;selenium.webdriver.firefox.webelement.FirefoxWebElement (session=&quot;f94bb3dd-ce94-433d-8a0b-d8d8e9244c9a&quot;, element=&quot;87b3f07c-941b-4605-b37b-0db2fa52b57d&quot;)&gt;" type="foritem">
<kw name="Click Element" library="SeleniumLibrary">
<doc>Click element identified by ``locator``.</doc>
<arguments>
<arg>${index}</arg>
</arguments>
<msg timestamp="20181005 12:41:45.023" level="INFO">Clicking element '&lt;selenium.webdriver.firefox.webelement.FirefoxWebElement (session="f94bb3dd-ce94-433d-8a0b-d8d8e9244c9a", element="87b3f07c-941b-4605-b37b-0db2fa52b57d")&gt;'.</msg>
<status status="PASS" starttime="20181005 12:41:45.022" endtime="20181005 12:41:45.333"></status>
</kw>
<status status="PASS" starttime="20181005 12:41:45.022" endtime="20181005 12:41:45.334"></status>
</kw>
<kw name="${index} = &lt;selenium.webdriver.firefox.webelement.FirefoxWebElement (session=&quot;f94bb3dd-ce94-433d-8a0b-d8d8e9244c9a&quot;, element=&quot;878abedc-6775-41de-bf5a-1ea07d3d9b49&quot;)&gt;" type="foritem">
<kw name="Click Element" library="SeleniumLibrary">
<doc>Click element identified by ``locator``.</doc>
<arguments>
<arg>${index}</arg>
</arguments>
<msg timestamp="20181005 12:41:45.335" level="INFO">Clicking element '&lt;selenium.webdriver.firefox.webelement.FirefoxWebElement (session="f94bb3dd-ce94-433d-8a0b-d8d8e9244c9a", element="878abedc-6775-41de-bf5a-1ea07d3d9b49")&gt;'.</msg>
<status status="PASS" starttime="20181005 12:41:45.334" endtime="20181005 12:41:45.663"></status>
</kw>
<status status="PASS" starttime="20181005 12:41:45.334" endtime="20181005 12:41:45.663"></status>
</kw>
<kw name="${index} = &lt;selenium.webdriver.firefox.webelement.FirefoxWebElement (session=&quot;f94bb3dd-ce94-433d-8a0b-d8d8e9244c9a&quot;, element=&quot;6cf2445d-d29c-4bd9-a1b2-7645d1dcc483&quot;)&gt;" type="foritem">
<kw name="Click Element" library="SeleniumLibrary">
<doc>Click element identified by ``locator``.</doc>
<arguments>
<arg>${index}</arg>
</arguments>
<msg timestamp="20181005 12:41:45.664" level="INFO">Clicking element '&lt;selenium.webdriver.firefox.webelement.FirefoxWebElement (session="f94bb3dd-ce94-433d-8a0b-d8d8e9244c9a", element="6cf2445d-d29c-4bd9-a1b2-7645d1dcc483")&gt;'.</msg>
<status status="PASS" starttime="20181005 12:41:45.663" endtime="20181005 12:41:45.948"></status>
</kw>
<status status="PASS" starttime="20181005 12:41:45.663" endtime="20181005 12:41:45.948"></status>
</kw>
<kw name="${index} = &lt;selenium.webdriver.firefox.webelement.FirefoxWebElement (session=&quot;f94bb3dd-ce94-433d-8a0b-d8d8e9244c9a&quot;, element=&quot;e4482eee-8554-4c77-851c-b62010df28e9&quot;)&gt;" type="foritem">
<kw name="Click Element" library="SeleniumLibrary">
<doc>Click element identified by ``locator``.</doc>
<arguments>
<arg>${index}</arg>
</arguments>
<msg timestamp="20181005 12:41:45.949" level="INFO">Clicking element '&lt;selenium.webdriver.firefox.webelement.FirefoxWebElement (session="f94bb3dd-ce94-433d-8a0b-d8d8e9244c9a", element="e4482eee-8554-4c77-851c-b62010df28e9")&gt;'.</msg>
<status status="PASS" starttime="20181005 12:41:45.949" endtime="20181005 12:41:46.273"></status>
</kw>
<status status="PASS" starttime="20181005 12:41:45.949" endtime="20181005 12:41:46.273"></status>
</kw>
<kw name="${index} = &lt;selenium.webdriver.firefox.webelement.FirefoxWebElement (session=&quot;f94bb3dd-ce94-433d-8a0b-d8d8e9244c9a&quot;, element=&quot;fe962306-81a4-4908-9ad1-6aa609b9d0b9&quot;)&gt;" type="foritem">
<kw name="Click Element" library="SeleniumLibrary">
<doc>Click element identified by ``locator``.</doc>
<arguments>
<arg>${index}</arg>
</arguments>
<msg timestamp="20181005 12:41:46.273" level="INFO">Clicking element '&lt;selenium.webdriver.firefox.webelement.FirefoxWebElement (session="f94bb3dd-ce94-433d-8a0b-d8d8e9244c9a", element="fe962306-81a4-4908-9ad1-6aa609b9d0b9")&gt;'.</msg>
<status status="PASS" starttime="20181005 12:41:46.273" endtime="20181005 12:41:46.514"></status>
</kw>
<status status="PASS" starttime="20181005 12:41:46.273" endtime="20181005 12:41:46.514"></status>
</kw>
<kw name="${index} = &lt;selenium.webdriver.firefox.webelement.FirefoxWebElement (session=&quot;f94bb3dd-ce94-433d-8a0b-d8d8e9244c9a&quot;, element=&quot;8d5d2d85-baf2-4fb2-8b39-7cfdd0884dcc&quot;)&gt;" type="foritem">
<kw name="Click Element" library="SeleniumLibrary">
<doc>Click element identified by ``locator``.</doc>
<arguments>
<arg>${index}</arg>
</arguments>
<msg timestamp="20181005 12:41:46.516" level="INFO">Clicking element '&lt;selenium.webdriver.firefox.webelement.FirefoxWebElement (session="f94bb3dd-ce94-433d-8a0b-d8d8e9244c9a", element="8d5d2d85-baf2-4fb2-8b39-7cfdd0884dcc")&gt;'.</msg>
<status status="PASS" starttime="20181005 12:41:46.515" endtime="20181005 12:41:46.778"></status>
</kw>
<status status="PASS" starttime="20181005 12:41:46.515" endtime="20181005 12:41:46.778"></status>
</kw>
<kw name="${index} = &lt;selenium.webdriver.firefox.webelement.FirefoxWebElement (session=&quot;f94bb3dd-ce94-433d-8a0b-d8d8e9244c9a&quot;, element=&quot;2ec82601-ccf9-46ab-b25a-5e5f38ed2f53&quot;)&gt;" type="foritem">
<kw name="Click Element" library="SeleniumLibrary">
<doc>Click element identified by ``locator``.</doc>
<arguments>
<arg>${index}</arg>
</arguments>
<msg timestamp="20181005 12:41:46.779" level="INFO">Clicking element '&lt;selenium.webdriver.firefox.webelement.FirefoxWebElement (session="f94bb3dd-ce94-433d-8a0b-d8d8e9244c9a", element="2ec82601-ccf9-46ab-b25a-5e5f38ed2f53")&gt;'.</msg>
<status status="PASS" starttime="20181005 12:41:46.778" endtime="20181005 12:41:47.081"></status>
</kw>
<status status="PASS" starttime="20181005 12:41:46.778" endtime="20181005 12:41:47.081"></status>
</kw>
<kw name="${index} = &lt;selenium.webdriver.firefox.webelement.FirefoxWebElement (session=&quot;f94bb3dd-ce94-433d-8a0b-d8d8e9244c9a&quot;, element=&quot;ba86535b-63e6-4709-ac4a-c17c51f32371&quot;)&gt;" type="foritem">
<kw name="Click Element" library="SeleniumLibrary">
<doc>Click element identified by ``locator``.</doc>
<arguments>
<arg>${index}</arg>
</arguments>
<msg timestamp="20181005 12:41:47.083" level="INFO">Clicking element '&lt;selenium.webdriver.firefox.webelement.FirefoxWebElement (session="f94bb3dd-ce94-433d-8a0b-d8d8e9244c9a", element="ba86535b-63e6-4709-ac4a-c17c51f32371")&gt;'.</msg>
<status status="PASS" starttime="20181005 12:41:47.082" endtime="20181005 12:41:47.375"></status>
</kw>
<status status="PASS" starttime="20181005 12:41:47.082" endtime="20181005 12:41:47.375"></status>
</kw>
<kw name="${index} = &lt;selenium.webdriver.firefox.webelement.FirefoxWebElement (session=&quot;f94bb3dd-ce94-433d-8a0b-d8d8e9244c9a&quot;, element=&quot;537883d3-43ac-47f6-a4db-7104bf718547&quot;)&gt;" type="foritem">
<kw name="Click Element" library="SeleniumLibrary">
<doc>Click element identified by ``locator``.</doc>
<arguments>
<arg>${index}</arg>
</arguments>
<msg timestamp="20181005 12:41:47.377" level="INFO">Clicking element '&lt;selenium.webdriver.firefox.webelement.FirefoxWebElement (session="f94bb3dd-ce94-433d-8a0b-d8d8e9244c9a", element="537883d3-43ac-47f6-a4db-7104bf718547")&gt;'.</msg>
<status status="PASS" starttime="20181005 12:41:47.376" endtime="20181005 12:41:47.643"></status>
</kw>
<status status="PASS" starttime="20181005 12:41:47.375" endtime="20181005 12:41:47.643"></status>
</kw>
<status status="PASS" starttime="20181005 12:41:43.187" endtime="20181005 12:41:47.643"></status>
</kw>
<status status="PASS" starttime="20181005 12:41:43.186" endtime="20181005 12:41:47.643"></status>
</kw>
<status status="PASS" starttime="20181005 12:41:43.148" endtime="20181005 12:41:47.644"></status>
</kw>
<kw name="Go Back" library="SeleniumLibrary">
<doc>Simulates the user clicking the back button on their browser.</doc>
<status status="PASS" starttime="20181005 12:41:47.644" endtime="20181005 12:41:52.087"></status>
</kw>
<status status="PASS" starttime="20181005 12:41:32.511" endtime="20181005 12:41:52.087"></status>
</kw>
<kw name="${index} = 2" type="foritem">
<kw name="Find Links" library="Go_Into_Jedynkas">
<assign>
<var>@{Links}</var>
</assign>
<kw name="Get WebElements" library="SeleniumLibrary">
<doc>Returns list of WebElement objects matching the ``locator``.</doc>
<arguments>
<arg>${Jedynka Partial xPath}</arg>
</arguments>
<assign>
<var>@{Elements Links}</var>
</assign>
<msg timestamp="20181005 12:41:52.444" level="INFO">@{Elements Links} = [ &lt;selenium.webdriver.firefox.webelement.FirefoxWebElement (session="f94bb3dd-ce94-433d-8a0b-d8d8e9244c9a", element="a4deea58-4b5c-46db-b888-e74fd3d18fe9")&gt; | &lt;selenium.webdriver.firefox.webelement.Fi...</msg>
<status status="PASS" starttime="20181005 12:41:52.088" endtime="20181005 12:41:52.444"></status>
</kw>
<msg timestamp="20181005 12:41:52.444" level="INFO">@{Links} = [ &lt;selenium.webdriver.firefox.webelement.FirefoxWebElement (session="f94bb3dd-ce94-433d-8a0b-d8d8e9244c9a", element="a4deea58-4b5c-46db-b888-e74fd3d18fe9")&gt; | &lt;selenium.webdriver.firefox.webelement.Fi...</msg>
<status status="PASS" starttime="20181005 12:41:52.087" endtime="20181005 12:41:52.444"></status>
</kw>
<kw name="Click Element" library="SeleniumLibrary">
<doc>Click element identified by ``locator``.</doc>
<arguments>
<arg>${Links[${index}]}</arg>
</arguments>
<msg timestamp="20181005 12:41:52.446" level="INFO">Clicking element '&lt;selenium.webdriver.firefox.webelement.FirefoxWebElement (session="f94bb3dd-ce94-433d-8a0b-d8d8e9244c9a", element="e913b9c1-81cd-4fc3-ae7a-b75e62cd6487")&gt;'.</msg>
<status status="PASS" starttime="20181005 12:41:52.445" endtime="20181005 12:41:58.071"></status>
</kw>
<kw name="Expand All Comments" library="Downvote_Comments">
<kw name="${index} IN RANGE [ 0 | 999 ]" type="for">
<kw name="${index} = 0" type="foritem">
<kw name="Is Pokaz Wiecej Visible" library="Downvote_Comments">
<assign>
<var>${Is Pokaz Wiecej Visible}</var>
</assign>
<kw name="Get Element Count" library="SeleniumLibrary">
<doc>Returns number of elements matching ``locator``.</doc>
<arguments>
<arg>${Pokaz Wiecej Button xPath}</arg>
</arguments>
<assign>
<var>${Count Button}</var>
</assign>
<msg timestamp="20181005 12:41:58.110" level="INFO">${Count Button} = 0</msg>
<status status="PASS" starttime="20181005 12:41:58.073" endtime="20181005 12:41:58.111"></status>
</kw>
<kw name="Set Variable If" library="BuiltIn">
<doc>Sets variable based on the given condition.</doc>
<arguments>
<arg>${Count Button} == 1</arg>
<arg>True</arg>
<arg>False</arg>
</arguments>
<assign>
<var>${Status}</var>
</assign>
<msg timestamp="20181005 12:41:58.112" level="INFO">${Status} = False</msg>
<status status="PASS" starttime="20181005 12:41:58.111" endtime="20181005 12:41:58.112"></status>
</kw>
<msg timestamp="20181005 12:41:58.112" level="INFO">${Is Pokaz Wiecej Visible} = False</msg>
<status status="PASS" starttime="20181005 12:41:58.073" endtime="20181005 12:41:58.113"></status>
</kw>
<kw name="Exit For Loop If" library="BuiltIn">
<doc>Stops executing the enclosing for loop if the ``condition`` is true.</doc>
<arguments>
<arg>${Is Pokaz Wiecej Visible} == 0</arg>
</arguments>
<msg timestamp="20181005 12:41:58.114" level="INFO">Exiting for loop altogether.</msg>
<status status="PASS" starttime="20181005 12:41:58.113" endtime="20181005 12:41:58.115"></status>
</kw>
<status status="PASS" starttime="20181005 12:41:58.072" endtime="20181005 12:41:58.115"></status>
</kw>
<status status="PASS" starttime="20181005 12:41:58.072" endtime="20181005 12:41:58.115"></status>
</kw>
<status status="PASS" starttime="20181005 12:41:58.071" endtime="20181005 12:41:58.115"></status>
</kw>
<kw name="Downvote All Comments" library="Downvote_Comments">
<kw name="Detect All Thumbs Down" library="Downvote_Comments">
<assign>
<var>@{Thumb Locators}</var>
</assign>
<kw name="Get WebElements" library="SeleniumLibrary">
<doc>Returns list of WebElement objects matching the ``locator``.</doc>
<arguments>
<arg>${Thumb Down Paetial Locator}</arg>
</arguments>
<assign>
<var>@{List of objects}</var>
</assign>
[...]
<status status="PASS" starttime="20181005 12:43:09.292" endtime="20181005 12:43:09.532"></status>
</kw>
<status status="PASS" starttime="20181005 12:43:09.292" endtime="20181005 12:43:09.532"></status>
</kw>
<kw name="${index} = &lt;selenium.webdriver.firefox.webelement.FirefoxWebElement (session=&quot;f94bb3dd-ce94-433d-8a0b-d8d8e9244c9a&quot;, element=&quot;fcc58ee3-cd24-4e1d-8eb1-21ab53743e45&quot;)&gt;" type="foritem">
<kw name="Click Element" library="SeleniumLibrary">
<doc>Click element identified by ``locator``.</doc>
<arguments>
<arg>${index}</arg>
</arguments>
<msg timestamp="20181005 12:43:09.533" level="INFO">Clicking element '&lt;selenium.webdriver.firefox.webelement.FirefoxWebElement (session="f94bb3dd-ce94-433d-8a0b-d8d8e9244c9a", element="fcc58ee3-cd24-4e1d-8eb1-21ab53743e45")&gt;'.</msg>
<status status="PASS" starttime="20181005 12:43:09.532" endtime="20181005 12:43:09.836"></status>
</kw>
<status status="PASS" starttime="20181005 12:43:09.532" endtime="20181005 12:43:09.836"></status>
</kw>
<kw name="${index} = &lt;selenium.webdriver.firefox.webelement.FirefoxWebElement (session=&quot;f94bb3dd-ce94-433d-8a0b-d8d8e9244c9a&quot;, element=&quot;4eb61c65-1f17-4675-8494-a5207c3e8d15&quot;)&gt;" type="foritem">
<kw name="Click Element" library="SeleniumLibrary">
<doc>Click element identified by ``locator``.</doc>
<arguments>
<arg>${index}</arg>
</arguments>
<msg timestamp="20181005 12:43:09.837" level="INFO">Clicking element '&lt;selenium.webdriver.firefox.webelement.FirefoxWebElement (session="f94bb3dd-ce94-433d-8a0b-d8d8e9244c9a", element="4eb61c65-1f17-4675-8494-a5207c3e8d15")&gt;'.</msg>
<status status="PASS" starttime="20181005 12:43:09.837" endtime="20181005 12:43:10.085"></status>
</kw>
<status status="PASS" starttime="20181005 12:43:09.836" endtime="20181005 12:43:10.086"></status>
</kw>
<kw name="${index} = &lt;selenium.webdriver.firefox.webelement.FirefoxWebElement (session=&quot;f94bb3dd-ce94-433d-8a0b-d8d8e9244c9a&quot;, element=&quot;7146d247-3875-4c5c-9459-d113e22bb706&quot;)&gt;" type="foritem">
<kw name="Click Element" library="SeleniumLibrary">
<doc>Click element identified by ``locator``.</doc>
<arguments>
<arg>${index}</arg>
</arguments>
<msg timestamp="20181005 12:43:10.086" level="INFO">Clicking element '&lt;selenium.webdriver.firefox.webelement.FirefoxWebElement (session="f94bb3dd-ce94-433d-8a0b-d8d8e9244c9a", element="7146d247-3875-4c5c-9459-d113e22bb706")&gt;'.</msg>
<status status="PASS" starttime="20181005 12:43:10.086" endtime="20181005 12:43:10.376"></status>
</kw>
<status status="PASS" starttime="20181005 12:43:10.086" endtime="20181005 12:43:10.376"></status>
</kw>
<kw name="${index} = &lt;selenium.webdriver.firefox.webelement.FirefoxWebElement (session=&quot;f94bb3dd-ce94-433d-8a0b-d8d8e9244c9a&quot;, element=&quot;f7834b6e-32a1-4b5d-9d7c-94f9b2c626b5&quot;)&gt;" type="foritem">
<kw name="Click Element" library="SeleniumLibrary">
<doc>Click element identified by ``locator``.</doc>
<arguments>
<arg>${index}</arg>
</arguments>
<msg timestamp="20181005 12:43:10.377" level="INFO">Clicking element '&lt;selenium.webdriver.firefox.webelement.FirefoxWebElement (session="f94bb3dd-ce94-433d-8a0b-d8d8e9244c9a", element="f7834b6e-32a1-4b5d-9d7c-94f9b2c626b5")&gt;'.</msg>
<status status="PASS" starttime="20181005 12:43:10.377" endtime="20181005 12:43:10.640"></status>
</kw>
<status status="PASS" starttime="20181005 12:43:10.377" endtime="20181005 12:43:10.640"></status>
</kw>
<kw name="${index} = &lt;selenium.webdriver.firefox.webelement.FirefoxWebElement (session=&quot;f94bb3dd-ce94-433d-8a0b-d8d8e9244c9a&quot;, element=&quot;5b5951c0-8cb1-4e40-a1ac-a9d4b0c0f2fd&quot;)&gt;" type="foritem">
<kw name="Click Element" library="SeleniumLibrary">
<doc>Click element identified by ``locator``.</doc>
<arguments>
<arg>${index}</arg>
</arguments>
<msg timestamp="20181005 12:43:10.641" level="INFO">Clicking element '&lt;selenium.webdriver.firefox.webelement.FirefoxWebElement (session="f94bb3dd-ce94-433d-8a0b-d8d8e9244c9a", element="5b5951c0-8cb1-4e40-a1ac-a9d4b0c0f2fd")&gt;'.</msg>
<status status="PASS" starttime="20181005 12:43:10.641" endtime="20181005 12:43:10.939"></status>
</kw>
<status status="PASS" starttime="20181005 12:43:10.640" endtime="20181005 12:43:10.940"></status>
</kw>
<kw name="${index} = &lt;selenium.webdriver.firefox.webelement.FirefoxWebElement (session=&quot;f94bb3dd-ce94-433d-8a0b-d8d8e9244c9a&quot;, element=&quot;6b9e4b60-5733-4412-a923-0c6cdb5eaada&quot;)&gt;" type="foritem">
<kw name="Click Element" library="SeleniumLibrary">
<doc>Click element identified by ``locator``.</doc>
<arguments>
<arg>${index}</arg>
</arguments>
<msg timestamp="20181005 12:43:10.942" level="INFO">Clicking element '&lt;selenium.webdriver.firefox.webelement.FirefoxWebElement (session="f94bb3dd-ce94-433d-8a0b-d8d8e9244c9a", element="6b9e4b60-5733-4412-a923-0c6cdb5eaada")&gt;'.</msg>
<status status="PASS" starttime="20181005 12:43:10.941" endtime="20181005 12:43:11.211"></status>
</kw>
<status status="PASS" starttime="20181005 12:43:10.940" endtime="20181005 12:43:11.211"></status>
</kw>
<kw name="${index} = &lt;selenium.webdriver.firefox.webelement.FirefoxWebElement (session=&quot;f94bb3dd-ce94-433d-8a0b-d8d8e9244c9a&quot;, element=&quot;54b8a3af-4182-4024-9f95-24744253a602&quot;)&gt;" type="foritem">
<kw name="Click Element" library="SeleniumLibrary">
<doc>Click element identified by ``locator``.</doc>
<arguments>
<arg>${index}</arg>
</arguments>
<msg timestamp="20181005 12:43:11.212" level="INFO">Clicking element '&lt;selenium.webdriver.firefox.webelement.FirefoxWebElement (session="f94bb3dd-ce94-433d-8a0b-d8d8e9244c9a", element="54b8a3af-4182-4024-9f95-24744253a602")&gt;'.</msg>
<status status="PASS" starttime="20181005 12:43:11.211" endtime="20181005 12:43:11.494"></status>
</kw>
<status status="PASS" starttime="20181005 12:43:11.211" endtime="20181005 12:43:11.494"></status>
</kw>
<kw name="${index} = &lt;selenium.webdriver.firefox.webelement.FirefoxWebElement (session=&quot;f94bb3dd-ce94-433d-8a0b-d8d8e9244c9a&quot;, element=&quot;c01c45e4-5c70-48a7-aaaf-1ae184ecc5db&quot;)&gt;" type="foritem">
<kw name="Click Element" library="SeleniumLibrary">
<doc>Click element identified by ``locator``.</doc>
<arguments>
<arg>${index}</arg>
</arguments>
<msg timestamp="20181005 12:43:11.496" level="INFO">Clicking element '&lt;selenium.webdriver.firefox.webelement.FirefoxWebElement (session="f94bb3dd-ce94-433d-8a0b-d8d8e9244c9a", element="c01c45e4-5c70-48a7-aaaf-1ae184ecc5db")&gt;'.</msg>
<status status="PASS" starttime="20181005 12:43:11.495" endtime="20181005 12:43:11.778"></status>
</kw>
<status status="PASS" starttime="20181005 12:43:11.495" endtime="20181005 12:43:11.778"></status>
</kw>
<kw name="${index} = &lt;selenium.webdriver.firefox.webelement.FirefoxWebElement (session=&quot;f94bb3dd-ce94-433d-8a0b-d8d8e9244c9a&quot;, element=&quot;595b4530-a96b-474c-ac82-b5ce23fca99c&quot;)&gt;" type="foritem">
<kw name="Click Element" library="SeleniumLibrary">
<doc>Click element identified by ``locator``.</doc>
<arguments>
<arg>${index}</arg>
</arguments>
<msg timestamp="20181005 12:43:11.779" level="INFO">Clicking element '&lt;selenium.webdriver.firefox.webelement.FirefoxWebElement (session="f94bb3dd-ce94-433d-8a0b-d8d8e9244c9a", element="595b4530-a96b-474c-ac82-b5ce23fca99c")&gt;'.</msg>
<status status="PASS" starttime="20181005 12:43:11.778" endtime="20181005 12:43:12.063"></status>
</kw>
<status status="PASS" starttime="20181005 12:43:11.778" endtime="20181005 12:43:12.063"></status>
</kw>
<kw name="${index} = &lt;selenium.webdriver.firefox.webelement.FirefoxWebElement (session=&quot;f94bb3dd-ce94-433d-8a0b-d8d8e9244c9a&quot;, element=&quot;fa15f93f-a4fc-4123-a1e5-8d2d8eb0c689&quot;)&gt;" type="foritem">
<kw name="Click Element" library="SeleniumLibrary">
<doc>Click element identified by ``locator``.</doc>
<arguments>
<arg>${index}</arg>
</arguments>
<msg timestamp="20181005 12:43:12.064" level="INFO">Clicking element '&lt;selenium.webdriver.firefox.webelement.FirefoxWebElement (session="f94bb3dd-ce94-433d-8a0b-d8d8e9244c9a", element="fa15f93f-a4fc-4123-a1e5-8d2d8eb0c689")&gt;'.</msg>
<status status="PASS" starttime="20181005 12:43:12.063" endtime="20181005 12:43:12.403"></status>
</kw>
<status status="PASS" starttime="20181005 12:43:12.063" endtime="20181005 12:43:12.403"></status>
</kw>
<kw name="${index} = &lt;selenium.webdriver.firefox.webelement.FirefoxWebElement (session=&quot;f94bb3dd-ce94-433d-8a0b-d8d8e9244c9a&quot;, element=&quot;f125dd06-eddb-4999-8a87-9081bd7523c0&quot;)&gt;" type="foritem">
<kw name="Click Element" library="SeleniumLibrary">
<doc>Click element identified by ``locator``.</doc>
<arguments>
<arg>${index}</arg>
</arguments>
<msg timestamp="20181005 12:43:12.404" level="INFO">Clicking element '&lt;selenium.webdriver.firefox.webelement.FirefoxWebElement (session="f94bb3dd-ce94-433d-8a0b-d8d8e9244c9a", element="f125dd06-eddb-4999-8a87-9081bd7523c0")&gt;'.</msg>
<status status="PASS" starttime="20181005 12:43:12.404" endtime="20181005 12:43:12.687"></status>
</kw>
<status status="PASS" starttime="20181005 12:43:12.403" endtime="20181005 12:43:12.687"></status>
</kw>
<kw name="${index} = &lt;selenium.webdriver.firefox.webelement.FirefoxWebElement (session=&quot;f94bb3dd-ce94-433d-8a0b-d8d8e9244c9a&quot;, element=&quot;c6f48301-6ddd-48b2-b1a5-ce5515b8183b&quot;)&gt;" type="foritem">
<kw name="Click Element" library="SeleniumLibrary">
<doc>Click element identified by ``locator``.</doc>
<arguments>
<arg>${index}</arg>
</arguments>
<msg timestamp="20181005 12:43:12.688" level="INFO">Clicking element '&lt;selenium.webdriver.firefox.webelement.FirefoxWebElement (session="f94bb3dd-ce94-433d-8a0b-d8d8e9244c9a", element="c6f48301-6ddd-48b2-b1a5-ce5515b8183b")&gt;'.</msg>
<status status="PASS" starttime="20181005 12:43:12.688" endtime="20181005 12:43:12.995"></status>
</kw>
<status status="PASS" starttime="20181005 12:43:12.688" endtime="20181005 12:43:12.996"></status>
</kw>
<kw name="${index} = &lt;selenium.webdriver.firefox.webelement.FirefoxWebElement (session=&quot;f94bb3dd-ce94-433d-8a0b-d8d8e9244c9a&quot;, element=&quot;45a7c6ec-8ae6-4bd7-859b-22287efc21cc&quot;)&gt;" type="foritem">
<kw name="Click Element" library="SeleniumLibrary">
<doc>Click element identified by ``locator``.</doc>
<arguments>
<arg>${index}</arg>
</arguments>
<msg timestamp="20181005 12:43:12.996" level="INFO">Clicking element '&lt;selenium.webdriver.firefox.webelement.FirefoxWebElement (session="f94bb3dd-ce94-433d-8a0b-d8d8e9244c9a", element="45a7c6ec-8ae6-4bd7-859b-22287efc21cc")&gt;'.</msg>
<status status="PASS" starttime="20181005 12:43:12.996" endtime="20181005 12:43:13.292"></status>
</kw>
<status status="PASS" starttime="20181005 12:43:12.996" endtime="20181005 12:43:13.292"></status>
</kw>
<status status="PASS" starttime="20181005 12:43:02.232" endtime="20181005 12:43:13.292"></status>
</kw>
<status status="PASS" starttime="20181005 12:43:02.231" endtime="20181005 12:43:13.293"></status>
</kw>
<status status="PASS" starttime="20181005 12:43:02.190" endtime="20181005 12:43:13.293"></status>
</kw>
<kw name="Go Back" library="SeleniumLibrary">
<doc>Simulates the user clicking the back button on their browser.</doc>
<status status="PASS" starttime="20181005 12:43:13.293" endtime="20181005 12:43:18.263"></status>
</kw>
<status status="PASS" starttime="20181005 12:42:50.010" endtime="20181005 12:43:18.264"></status>
</kw>
<kw name="${index} = 5" type="foritem">
<kw name="Find Links" library="Go_Into_Jedynkas">
<assign>
<var>@{Links}</var>
</assign>
<kw name="Get WebElements" library="SeleniumLibrary">
<doc>Returns list of WebElement objects matching the ``locator``.</doc>
<arguments>
<arg>${Jedynka Partial xPath}</arg>
</arguments>
<assign>
<var>@{Elements Links}</var>
</assign>
<msg timestamp="20181005 12:43:18.621" level="INFO">@{Elements Links} = [ &lt;selenium.webdriver.firefox.webelement.FirefoxWebElement (session="f94bb3dd-ce94-433d-8a0b-d8d8e9244c9a", element="2c38ccba-78a5-4f46-a556-551ad0256e1b")&gt; | &lt;selenium.webdriver.firefox.webelement.Fi...</msg>
<status status="PASS" starttime="20181005 12:43:18.265" endtime="20181005 12:43:18.622"></status>
</kw>
<msg timestamp="20181005 12:43:18.622" level="INFO">@{Links} = [ &lt;selenium.webdriver.firefox.webelement.FirefoxWebElement (session="f94bb3dd-ce94-433d-8a0b-d8d8e9244c9a", element="2c38ccba-78a5-4f46-a556-551ad0256e1b")&gt; | &lt;selenium.webdriver.firefox.webelement.Fi...</msg>
<status status="PASS" starttime="20181005 12:43:18.264" endtime="20181005 12:43:18.622"></status>
</kw>
<kw name="Click Element" library="SeleniumLibrary">
<doc>Click element identified by ``locator``.</doc>
<arguments>
<arg>${Links[${index}]}</arg>
</arguments>
<msg timestamp="20181005 12:43:18.623" level="INFO">Clicking element '&lt;selenium.webdriver.firefox.webelement.FirefoxWebElement (session="f94bb3dd-ce94-433d-8a0b-d8d8e9244c9a", element="b33cc648-11d2-45d5-85cb-6e1041e1001b")&gt;'.</msg>
<status status="PASS" starttime="20181005 12:43:18.622" endtime="20181005 12:43:24.037"></status>
</kw>
<kw name="Expand All Comments" library="Downvote_Comments">
<kw name="${index} IN RANGE [ 0 | 999 ]" type="for">
<kw name="${index} = 0" type="foritem">
<kw name="Is Pokaz Wiecej Visible" library="Downvote_Comments">
<assign>
<var>${Is Pokaz Wiecej Visible}</var>
</assign>
<kw name="Get Element Count" library="SeleniumLibrary">
<doc>Returns number of elements matching ``locator``.</doc>
<arguments>
<arg>${Pokaz Wiecej Button xPath}</arg>
</arguments>
<assign>
<var>${Count Button}</var>
</assign>
<msg timestamp="20181005 12:43:24.070" level="INFO">${Count Button} = 0</msg>
<status status="PASS" starttime="20181005 12:43:24.040" endtime="20181005 12:43:24.071"></status>
</kw>
<kw name="Set Variable If" library="BuiltIn">
<doc>Sets variable based on the given condition.</doc>
<arguments>
<arg>${Count Button} == 1</arg>
<arg>True</arg>
<arg>False</arg>
</arguments>
<assign>
<var>${Status}</var>
</assign>
<msg timestamp="20181005 12:43:24.072" level="INFO">${Status} = False</msg>
<status status="PASS" starttime="20181005 12:43:24.071" endtime="20181005 12:43:24.072"></status>
</kw>
<msg timestamp="20181005 12:43:24.073" level="INFO">${Is Pokaz Wiecej Visible} = False</msg>
<status status="PASS" starttime="20181005 12:43:24.039" endtime="20181005 12:43:24.073"></status>
</kw>
<kw name="Exit For Loop If" library="BuiltIn">
<doc>Stops executing the enclosing for loop if the ``condition`` is true.</doc>
<arguments>
<arg>${Is Pokaz Wiecej Visible} == 0</arg>
</arguments>
<msg timestamp="20181005 12:43:24.074" level="INFO">Exiting for loop altogether.</msg>
<status status="PASS" starttime="20181005 12:43:24.073" endtime="20181005 12:43:24.074"></status>
</kw>
<status status="PASS" starttime="20181005 12:43:24.039" endtime="20181005 12:43:24.074"></status>
</kw>
<status status="PASS" starttime="20181005 12:43:24.038" endtime="20181005 12:43:24.074"></status>
</kw>
<status status="PASS" starttime="20181005 12:43:24.037" endtime="20181005 12:43:24.075"></status>
</kw>
<kw name="Downvote All Comments" library="Downvote_Comments">
<kw name="Detect All Thumbs Down" library="Downvote_Comments">
<assign>
<var>@{Thumb Locators}</var>
</assign>
<kw name="Get WebElements" library="SeleniumLibrary">
<doc>Returns list of WebElement objects matching the ``locator``.</doc>
<arguments>
<arg>${Thumb Down Paetial Locator}</arg>
</arguments>
<assign>
<var>@{List of objects}</var>
</assign>
<msg timestamp="20181005 12:43:24.252" level="INFO">@{List of objects} = [ &lt;selenium.webdriver.firefox.webelement.FirefoxWebElement (session="f94bb3dd-ce94-433d-8a0b-d8d8e9244c9a", element="3285a559-2f84-44dd-a6fd-d5f51549c99f")&gt; | &lt;selenium.webdriver.firefox.webelement.Fi...</msg>
<status status="PASS" starttime="20181005 12:43:24.076" endtime="20181005 12:43:24.252"></status>
</kw>
<msg timestamp="20181005 12:43:24.254" level="INFO">@{Thumb Locators} = [ &lt;selenium.webdriver.firefox.webelement.FirefoxWebElement (session="f94bb3dd-ce94-433d-8a0b-d8d8e9244c9a", element="3285a559-2f84-44dd-a6fd-d5f51549c99f")&gt; | &lt;selenium.webdriver.firefox.webelement.Fi...</msg>
<status status="PASS" starttime="20181005 12:43:24.076" endtime="20181005 12:43:24.254"></status>
</kw>
<kw name="Click Downvote For All Comments" library="Downvote_Comments">
<arguments>
<arg>@{Thumb Locators}</arg>
</arguments>
<kw name="${index} IN [ @{Object List} ]" type="for">
<kw name="${index} = &lt;selenium.webdriver.firefox.webelement.FirefoxWebElement (session=&quot;f94bb3dd-ce94-433d-8a0b-d8d8e9244c9a&quot;, element=&quot;3285a559-2f84-44dd-a6fd-d5f51549c99f&quot;)&gt;" type="foritem">
<kw name="Click Element" library="SeleniumLibrary">
<doc>Click element identified by ``locator``.</doc>
<arguments>
<arg>${index}</arg>
</arguments>
<msg timestamp="20181005 12:43:24.256" level="INFO">Clicking element '&lt;selenium.webdriver.firefox.webelement.FirefoxWebElement (session="f94bb3dd-ce94-433d-8a0b-d8d8e9244c9a", element="3285a559-2f84-44dd-a6fd-d5f51549c99f")&gt;'.</msg>
<status status="PASS" starttime="20181005 12:43:24.255" endtime="20181005 12:43:24.563"></status>
</kw>
<status status="PASS" starttime="20181005 12:43:24.255" endtime="20181005 12:43:24.563"></status>
</kw>
<kw name="${index} = &lt;selenium.webdriver.firefox.webelement.FirefoxWebElement (session=&quot;f94bb3dd-ce94-433d-8a0b-d8d8e9244c9a&quot;, element=&quot;2028ce7a-f397-487c-9b95-5f1616d124e9&quot;)&gt;" type="foritem">
<kw name="Click Element" library="SeleniumLibrary">
<doc>Click element identified by ``locator``.</doc>
<arguments>
<arg>${index}</arg>
</arguments>
<msg timestamp="20181005 12:43:24.564" level="INFO">Clicking element '&lt;selenium.webdriver.firefox.webelement.FirefoxWebElement (session="f94bb3dd-ce94-433d-8a0b-d8d8e9244c9a", element="2028ce7a-f397-487c-9b95-5f1616d124e9")&gt;'.</msg>
<status status="PASS" starttime="20181005 12:43:24.564" endtime="20181005 12:43:24.854"></status>
</kw>
<status status="PASS" starttime="20181005 12:43:24.563" endtime="20181005 12:43:24.854"></status>
</kw>
<status status="PASS" starttime="20181005 12:43:24.255" endtime="20181005 12:43:24.854"></status>
</kw>
<status status="PASS" starttime="20181005 12:43:24.254" endtime="20181005 12:43:24.854"></status>
</kw>
<status status="PASS" starttime="20181005 12:43:24.075" endtime="20181005 12:43:24.854"></status>
</kw>
<kw name="Go Back" library="SeleniumLibrary">
<doc>Simulates the user clicking the back button on their browser.</doc>
<status status="PASS" starttime="20181005 12:43:24.854" endtime="20181005 12:43:29.024"></status>
</kw>
<status status="PASS" starttime="20181005 12:43:18.264" endtime="20181005 12:43:29.024"></status>
</kw>
<status status="PASS" starttime="20181005 12:41:01.602" endtime="20181005 12:43:29.024"></status>
</kw>
<status status="PASS" starttime="20181005 12:41:01.568" endtime="20181005 12:43:29.025"></status>
</kw>
<kw name="Close Firefox" library="Common" type="teardown">
<kw name="Close Browser" library="SeleniumLibrary">
<doc>Closes the current browser.</doc>
<status status="PASS" starttime="20181005 12:43:29.027" endtime="20181005 12:43:34.582"></status>
</kw>
<status status="PASS" starttime="20181005 12:43:29.026" endtime="20181005 12:43:34.582"></status>
</kw>
<status status="PASS" starttime="20181005 12:40:46.386" endtime="20181005 12:43:34.583" critical="yes"></status>
</test>
<status status="PASS" starttime="20181005 12:40:46.062" endtime="20181005 12:43:34.585"></status>
</suite>
<statistics>
<total>
<stat pass="1" fail="0">Critical Tests</stat>
<stat pass="1" fail="0">All Tests</stat>
</total>
<tag>
</tag>
<suite>
<stat pass="1" fail="0" id="s1" name="Downvote All Comments For Each Articles">Downvote All Comments For Each Articles</stat>
</suite>
</statistics>
<errors>
</errors>
</robot>
